{"/home/gaetan/Documents/GitHub/send-moi/backend/src/app.controller.ts": {"path":"/home/gaetan/Documents/GitHub/send-moi/backend/src/app.controller.ts","statementMap":{"0":{"start":{"line":1,"column":0},"end":{"line":1,"column":63}},"1":{"start":{"line":3,"column":0},"end":{"line":3,"column":57}},"2":{"start":{"line":6,"column":7},"end":{"line":123,"column":null}},"3":{"start":{"line":10,"column":4},"end":{"line":104,"column":5}},"4":{"start":{"line":11,"column":6},"end":{"line":103,"column":9}},"5":{"start":{"line":106,"column":4},"end":{"line":121,"column":7}},"6":{"start":{"line":6,"column":13},"end":{"line":6,"column":26}},"7":{"start":{"line":9,"column":2},"end":{"line":122,"column":null}},"8":{"start":{"line":6,"column":13},"end":{"line":123,"column":null}}},"fnMap":{"0":{"name":"(anonymous_4)","decl":{"start":{"line":9,"column":2},"end":{"line":9,"column":14}},"loc":{"start":{"line":9,"column":81},"end":{"line":122,"column":3}}}},"branchMap":{"0":{"loc":{"start":{"line":9,"column":34},"end":{"line":9,"column":59}},"type":"default-arg","locations":[{"start":{"line":9,"column":57},"end":{"line":9,"column":59}}]},"1":{"loc":{"start":{"line":10,"column":4},"end":{"line":104,"column":5}},"type":"if","locations":[{"start":{"line":10,"column":4},"end":{"line":104,"column":5}}]}},"s":{"0":0,"1":0,"2":0,"3":0,"4":0,"5":0,"6":0,"7":0,"8":0},"f":{"0":0},"b":{"0":[0],"1":[0]}}
,"/home/gaetan/Documents/GitHub/send-moi/backend/src/app.module.ts": {"path":"/home/gaetan/Documents/GitHub/send-moi/backend/src/app.module.ts","statementMap":{"0":{"start":{"line":1,"column":0},"end":{"line":1,"column":40}},"1":{"start":{"line":2,"column":0},"end":{"line":2,"column":46}},"2":{"start":{"line":3,"column":0},"end":{"line":3,"column":68}},"3":{"start":{"line":4,"column":0},"end":{"line":4,"column":41}},"4":{"start":{"line":5,"column":0},"end":{"line":5,"column":54}},"5":{"start":{"line":6,"column":0},"end":{"line":6,"column":56}},"6":{"start":{"line":7,"column":0},"end":{"line":7,"column":59}},"7":{"start":{"line":8,"column":0},"end":{"line":8,"column":68}},"8":{"start":{"line":9,"column":0},"end":{"line":9,"column":68}},"9":{"start":{"line":10,"column":0},"end":{"line":10,"column":83}},"10":{"start":{"line":11,"column":0},"end":{"line":11,"column":65}},"11":{"start":{"line":12,"column":0},"end":{"line":12,"column":70}},"12":{"start":{"line":13,"column":0},"end":{"line":13,"column":64}},"13":{"start":{"line":14,"column":0},"end":{"line":14,"column":62}},"14":{"start":{"line":15,"column":0},"end":{"line":15,"column":61}},"15":{"start":{"line":16,"column":0},"end":{"line":16,"column":70}},"16":{"start":{"line":17,"column":0},"end":{"line":17,"column":49}},"17":{"start":{"line":43,"column":7},"end":{"line":43,"column":null}},"18":{"start":{"line":43,"column":13},"end":{"line":43,"column":22}},"19":{"start":{"line":43,"column":13},"end":{"line":43,"column":null}}},"fnMap":{},"branchMap":{},"s":{"0":0,"1":0,"2":0,"3":0,"4":0,"5":0,"6":0,"7":0,"8":0,"9":0,"10":0,"11":0,"12":0,"13":0,"14":0,"15":0,"16":0,"17":0,"18":0,"19":0},"f":{},"b":{}}
,"/home/gaetan/Documents/GitHub/send-moi/backend/src/main.ts": {"path":"/home/gaetan/Documents/GitHub/send-moi/backend/src/main.ts","statementMap":{"0":{"start":{"line":1,"column":0},"end":{"line":1,"column":43}},"1":{"start":{"line":2,"column":0},"end":{"line":2,"column":41}},"2":{"start":{"line":3,"column":0},"end":{"line":3,"column":56}},"3":{"start":{"line":5,"column":0},"end":{"line":5,"column":29}},"4":{"start":{"line":8,"column":17},"end":{"line":8,"column":40}},"5":{"start":{"line":9,"column":14},"end":{"line":9,"column":73}},"6":{"start":{"line":12,"column":2},"end":{"line":14,"column":5}},"7":{"start":{"line":17,"column":28},"end":{"line":17,"column":55}},"8":{"start":{"line":18,"column":25},"end":{"line":20,"column":99}},"9":{"start":{"line":19,"column":46},"end":{"line":19,"column":54}},"10":{"start":{"line":22,"column":2},"end":{"line":26,"column":5}},"11":{"start":{"line":29,"column":2},"end":{"line":35,"column":4}},"12":{"start":{"line":37,"column":15},"end":{"line":37,"column":39}},"13":{"start":{"line":38,"column":2},"end":{"line":38,"column":25}},"14":{"start":{"line":39,"column":2},"end":{"line":39,"column":71}},"15":{"start":{"line":42,"column":0},"end":{"line":42,"column":12}}},"fnMap":{"0":{"name":"bootstrap","decl":{"start":{"line":7,"column":15},"end":{"line":7,"column":24}},"loc":{"start":{"line":7,"column":24},"end":{"line":40,"column":1}}},"1":{"name":"(anonymous_1)","decl":{"start":{"line":19,"column":39},"end":{"line":19,"column":40}},"loc":{"start":{"line":19,"column":46},"end":{"line":19,"column":54}}}},"branchMap":{"0":{"loc":{"start":{"line":18,"column":25},"end":{"line":20,"column":99}},"type":"cond-expr","locations":[{"start":{"line":19,"column":6},"end":{"line":19,"column":55}},{"start":{"line":20,"column":6},"end":{"line":20,"column":99}}]},"1":{"loc":{"start":{"line":37,"column":15},"end":{"line":37,"column":39}},"type":"binary-expr","locations":[{"start":{"line":37,"column":15},"end":{"line":37,"column":31}},{"start":{"line":37,"column":35},"end":{"line":37,"column":39}}]}},"s":{"0":0,"1":0,"2":0,"3":0,"4":0,"5":0,"6":0,"7":0,"8":0,"9":0,"10":0,"11":0,"12":0,"13":0,"14":0,"15":0},"f":{"0":0,"1":0},"b":{"0":[0,0],"1":[0,0]}}
,"/home/gaetan/Documents/GitHub/send-moi/backend/src/gateways/realtime.gateway.ts": {"path":"/home/gaetan/Documents/GitHub/send-moi/backend/src/gateways/realtime.gateway.ts","statementMap":{"0":{"start":{"line":1,"column":0},"end":{"line":1,"column":null}},"1":{"start":{"line":8,"column":0},"end":{"line":8,"column":43}},"2":{"start":{"line":9,"column":0},"end":{"line":9,"column":40}},"3":{"start":{"line":10,"column":0},"end":{"line":10,"column":41}},"4":{"start":{"line":11,"column":0},"end":{"line":11,"column":57}},"5":{"start":{"line":19,"column":28},"end":{"line":94,"column":null}},"6":{"start":{"line":26,"column":21},"end":{"line":26,"column":33}},"7":{"start":{"line":27,"column":21},"end":{"line":27,"column":29}},"8":{"start":{"line":23,"column":19},"end":{"line":23,"column":61}},"9":{"start":{"line":31,"column":4},"end":{"line":49,"column":5}},"10":{"start":{"line":32,"column":25},"end":{"line":32,"column":96}},"11":{"start":{"line":33,"column":6},"end":{"line":37,"column":7}},"12":{"start":{"line":34,"column":8},"end":{"line":34,"column":90}},"13":{"start":{"line":35,"column":8},"end":{"line":35,"column":32}},"14":{"start":{"line":36,"column":8},"end":{"line":36,"column":15}},"15":{"start":{"line":39,"column":20},"end":{"line":39,"column":53}},"16":{"start":{"line":40,"column":22},"end":{"line":42,"column":8}},"17":{"start":{"line":44,"column":6},"end":{"line":44,"column":33}},"18":{"start":{"line":45,"column":6},"end":{"line":45,"column":97}},"19":{"start":{"line":47,"column":6},"end":{"line":47,"column":88}},"20":{"start":{"line":48,"column":6},"end":{"line":48,"column":30}},"21":{"start":{"line":57,"column":19},"end":{"line":57,"column":41}},"22":{"start":{"line":58,"column":4},"end":{"line":60,"column":5}},"23":{"start":{"line":59,"column":6},"end":{"line":59,"column":40}},"24":{"start":{"line":62,"column":20},"end":{"line":62,"column":86}},"25":{"start":{"line":63,"column":4},"end":{"line":66,"column":5}},"26":{"start":{"line":64,"column":6},"end":{"line":64,"column":101}},"27":{"start":{"line":65,"column":6},"end":{"line":65,"column":37}},"28":{"start":{"line":68,"column":4},"end":{"line":68,"column":40}},"29":{"start":{"line":69,"column":4},"end":{"line":69,"column":80}},"30":{"start":{"line":70,"column":4},"end":{"line":70,"column":43}},"31":{"start":{"line":77,"column":4},"end":{"line":81,"column":7}},"32":{"start":{"line":88,"column":4},"end":{"line":92,"column":7}},"33":{"start":{"line":19,"column":13},"end":{"line":19,"column":28}},"34":{"start":{"line":21,"column":2},"end":{"line":21,"column":null}},"35":{"start":{"line":53,"column":8},"end":{"line":71,"column":null}},"36":{"start":{"line":74,"column":2},"end":{"line":82,"column":null}},"37":{"start":{"line":85,"column":2},"end":{"line":93,"column":null}},"38":{"start":{"line":19,"column":13},"end":{"line":94,"column":null}}},"fnMap":{"0":{"name":"(anonymous_4)","decl":{"start":{"line":25,"column":2},"end":{"line":25,"column":null}},"loc":{"start":{"line":27,"column":42},"end":{"line":28,"column":6}}},"1":{"name":"(anonymous_5)","decl":{"start":{"line":30,"column":2},"end":{"line":30,"column":7}},"loc":{"start":{"line":30,"column":39},"end":{"line":50,"column":3}}},"2":{"name":"(anonymous_6)","decl":{"start":{"line":53,"column":2},"end":{"line":53,"column":7}},"loc":{"start":{"line":55,"column":37},"end":{"line":71,"column":3}}},"3":{"name":"(anonymous_7)","decl":{"start":{"line":74,"column":2},"end":{"line":74,"column":22}},"loc":{"start":{"line":75,"column":72},"end":{"line":82,"column":3}}},"4":{"name":"(anonymous_8)","decl":{"start":{"line":85,"column":2},"end":{"line":85,"column":19}},"loc":{"start":{"line":86,"column":78},"end":{"line":93,"column":3}}}},"branchMap":{"0":{"loc":{"start":{"line":32,"column":25},"end":{"line":32,"column":96}},"type":"binary-expr","locations":[{"start":{"line":32,"column":25},"end":{"line":32,"column":53}},{"start":{"line":32,"column":57},"end":{"line":32,"column":96}}]},"1":{"loc":{"start":{"line":33,"column":6},"end":{"line":37,"column":7}},"type":"if","locations":[{"start":{"line":33,"column":6},"end":{"line":37,"column":7}}]},"2":{"loc":{"start":{"line":41,"column":16},"end":{"line":41,"column":72}},"type":"binary-expr","locations":[{"start":{"line":41,"column":16},"end":{"line":41,"column":38}},{"start":{"line":41,"column":42},"end":{"line":41,"column":72}}]},"3":{"loc":{"start":{"line":58,"column":4},"end":{"line":60,"column":5}},"type":"if","locations":[{"start":{"line":58,"column":4},"end":{"line":60,"column":5}}]},"4":{"loc":{"start":{"line":63,"column":4},"end":{"line":66,"column":5}},"type":"if","locations":[{"start":{"line":63,"column":4},"end":{"line":66,"column":5}}]},"5":{"loc":{"start":{"line":63,"column":8},"end":{"line":63,"column":79}},"type":"binary-expr","locations":[{"start":{"line":63,"column":8},"end":{"line":63,"column":16}},{"start":{"line":63,"column":21},"end":{"line":63,"column":48}},{"start":{"line":63,"column":52},"end":{"line":63,"column":78}}]},"6":{"loc":{"start":{"line":15,"column":12},"end":{"line":15,"column":130}},"type":"cond-expr","locations":[{"start":{"line":15,"column":42},"end":{"line":15,"column":80}},{"start":{"line":15,"column":83},"end":{"line":15,"column":130}}]}},"s":{"0":0,"1":0,"2":0,"3":0,"4":0,"5":0,"6":0,"7":0,"8":0,"9":0,"10":0,"11":0,"12":0,"13":0,"14":0,"15":0,"16":0,"17":0,"18":0,"19":0,"20":0,"21":0,"22":0,"23":0,"24":0,"25":0,"26":0,"27":0,"28":0,"29":0,"30":0,"31":0,"32":0,"33":0,"34":0,"35":0,"36":0,"37":0,"38":0},"f":{"0":0,"1":0,"2":0,"3":0,"4":0},"b":{"0":[0,0],"1":[0],"2":[0,0],"3":[0],"4":[0],"5":[0,0,0],"6":[0,0]}}
,"/home/gaetan/Documents/GitHub/send-moi/backend/src/modules/auth/auth.controller.ts": {"path":"/home/gaetan/Documents/GitHub/send-moi/backend/src/modules/auth/auth.controller.ts","statementMap":{"0":{"start":{"line":1,"column":0},"end":{"line":1,"column":56}},"1":{"start":{"line":2,"column":0},"end":{"line":2,"column":45}},"2":{"start":{"line":3,"column":0},"end":{"line":3,"column":76}},"3":{"start":{"line":4,"column":0},"end":{"line":4,"column":44}},"4":{"start":{"line":7,"column":7},"end":{"line":27,"column":null}},"5":{"start":{"line":8,"column":31},"end":{"line":8,"column":44}},"6":{"start":{"line":13,"column":4},"end":{"line":13,"column":44}},"7":{"start":{"line":19,"column":4},"end":{"line":19,"column":43}},"8":{"start":{"line":25,"column":4},"end":{"line":25,"column":44}},"9":{"start":{"line":7,"column":13},"end":{"line":7,"column":27}},"10":{"start":{"line":12,"column":8},"end":{"line":14,"column":null}},"11":{"start":{"line":18,"column":8},"end":{"line":20,"column":null}},"12":{"start":{"line":24,"column":8},"end":{"line":26,"column":null}},"13":{"start":{"line":7,"column":13},"end":{"line":27,"column":null}}},"fnMap":{"0":{"name":"(anonymous_4)","decl":{"start":{"line":8,"column":2},"end":{"line":8,"column":31}},"loc":{"start":{"line":8,"column":55},"end":{"line":8,"column":59}}},"1":{"name":"(anonymous_5)","decl":{"start":{"line":12,"column":2},"end":{"line":12,"column":7}},"loc":{"start":{"line":12,"column":45},"end":{"line":14,"column":3}}},"2":{"name":"(anonymous_6)","decl":{"start":{"line":18,"column":2},"end":{"line":18,"column":7}},"loc":{"start":{"line":18,"column":43},"end":{"line":20,"column":3}}},"3":{"name":"(anonymous_7)","decl":{"start":{"line":24,"column":2},"end":{"line":24,"column":7}},"loc":{"start":{"line":24,"column":45},"end":{"line":26,"column":3}}}},"branchMap":{},"s":{"0":0,"1":0,"2":0,"3":0,"4":0,"5":0,"6":0,"7":0,"8":0,"9":0,"10":0,"11":0,"12":0,"13":0},"f":{"0":0,"1":0,"2":0,"3":0},"b":{}}
,"/home/gaetan/Documents/GitHub/send-moi/backend/src/modules/auth/auth.module.ts": {"path":"/home/gaetan/Documents/GitHub/send-moi/backend/src/modules/auth/auth.module.ts","statementMap":{"0":{"start":{"line":1,"column":0},"end":{"line":1,"column":40}},"1":{"start":{"line":2,"column":0},"end":{"line":2,"column":40}},"2":{"start":{"line":3,"column":0},"end":{"line":3,"column":50}},"3":{"start":{"line":4,"column":0},"end":{"line":4,"column":45}},"4":{"start":{"line":5,"column":0},"end":{"line":5,"column":51}},"5":{"start":{"line":6,"column":0},"end":{"line":6,"column":43}},"6":{"start":{"line":7,"column":0},"end":{"line":7,"column":45}},"7":{"start":{"line":29,"column":7},"end":{"line":29,"column":null}},"8":{"start":{"line":29,"column":13},"end":{"line":29,"column":23}},"9":{"start":{"line":29,"column":13},"end":{"line":29,"column":null}},"10":{"start":{"line":14,"column":23},"end":{"line":14,"column":45}},"11":{"start":{"line":15,"column":8},"end":{"line":17,"column":9}},"12":{"start":{"line":16,"column":10},"end":{"line":16,"column":115}},"13":{"start":{"line":18,"column":8},"end":{"line":21,"column":10}}},"fnMap":{"0":{"name":"(anonymous_1)","decl":{"start":{"line":13,"column":18},"end":{"line":13,"column":21}},"loc":{"start":{"line":13,"column":23},"end":{"line":22,"column":7}}}},"branchMap":{"0":{"loc":{"start":{"line":15,"column":8},"end":{"line":17,"column":9}},"type":"if","locations":[{"start":{"line":15,"column":8},"end":{"line":17,"column":9}}]},"1":{"loc":{"start":{"line":15,"column":12},"end":{"line":15,"column":60}},"type":"binary-expr","locations":[{"start":{"line":15,"column":12},"end":{"line":15,"column":19}},{"start":{"line":15,"column":23},"end":{"line":15,"column":60}}]},"2":{"loc":{"start":{"line":19,"column":18},"end":{"line":19,"column":58}},"type":"binary-expr","locations":[{"start":{"line":19,"column":18},"end":{"line":19,"column":24}},{"start":{"line":19,"column":28},"end":{"line":19,"column":58}}]}},"s":{"0":0,"1":0,"2":0,"3":0,"4":0,"5":0,"6":0,"7":0,"8":0,"9":0,"10":0,"11":0,"12":0,"13":0},"f":{"0":0},"b":{"0":[0],"1":[0,0],"2":[0,0]}}
,"/home/gaetan/Documents/GitHub/send-moi/backend/src/modules/auth/auth.service.ts": {"path":"/home/gaetan/Documents/GitHub/send-moi/backend/src/modules/auth/auth.service.ts","statementMap":{"0":{"start":{"line":1,"column":0},"end":{"line":1,"column":73}},"1":{"start":{"line":2,"column":0},"end":{"line":2,"column":41}},"2":{"start":{"line":3,"column":0},"end":{"line":3,"column":60}},"3":{"start":{"line":5,"column":0},"end":{"line":5,"column":38}},"4":{"start":{"line":6,"column":0},"end":{"line":6,"column":43}},"5":{"start":{"line":9,"column":24},"end":{"line":152,"column":null}},"6":{"start":{"line":15,"column":21},"end":{"line":15,"column":29}},"7":{"start":{"line":16,"column":21},"end":{"line":16,"column":33}},"8":{"start":{"line":17,"column":21},"end":{"line":17,"column":33}},"9":{"start":{"line":10,"column":19},"end":{"line":10,"column":57}},"10":{"start":{"line":12,"column":19},"end":{"line":12,"column":85}},"11":{"start":{"line":24,"column":17},"end":{"line":24,"column":71}},"12":{"start":{"line":25,"column":22},"end":{"line":25,"column":48}},"13":{"start":{"line":27,"column":4},"end":{"line":27,"column":54}},"14":{"start":{"line":30,"column":19},"end":{"line":30,"column":68}},"15":{"start":{"line":31,"column":4},"end":{"line":34,"column":5}},"16":{"start":{"line":32,"column":6},"end":{"line":32,"column":38}},"17":{"start":{"line":33,"column":6},"end":{"line":33,"column":116}},"18":{"start":{"line":36,"column":4},"end":{"line":39,"column":6}},"19":{"start":{"line":46,"column":19},"end":{"line":46,"column":47}},"20":{"start":{"line":49,"column":26},"end":{"line":49,"column":52}},"21":{"start":{"line":51,"column":6},"end":{"line":54,"column":32}},"22":{"start":{"line":56,"column":4},"end":{"line":58,"column":5}},"23":{"start":{"line":57,"column":6},"end":{"line":57,"column":71}},"24":{"start":{"line":60,"column":4},"end":{"line":62,"column":5}},"25":{"start":{"line":61,"column":6},"end":{"line":61,"column":58}},"26":{"start":{"line":64,"column":4},"end":{"line":66,"column":5}},"27":{"start":{"line":65,"column":6},"end":{"line":65,"column":38}},"28":{"start":{"line":69,"column":15},"end":{"line":69,"column":81}},"29":{"start":{"line":71,"column":4},"end":{"line":79,"column":5}},"30":{"start":{"line":72,"column":6},"end":{"line":78,"column":9}},"31":{"start":{"line":81,"column":20},"end":{"line":81,"column":72}},"32":{"start":{"line":82,"column":24},"end":{"line":82,"column":53}},"33":{"start":{"line":84,"column":4},"end":{"line":93,"column":6}},"34":{"start":{"line":100,"column":4},"end":{"line":102,"column":5}},"35":{"start":{"line":101,"column":6},"end":{"line":101,"column":92}},"36":{"start":{"line":104,"column":15},"end":{"line":106,"column":6}},"37":{"start":{"line":108,"column":4},"end":{"line":122,"column":5}},"38":{"start":{"line":109,"column":32},"end":{"line":111,"column":8}},"39":{"start":{"line":113,"column":6},"end":{"line":121,"column":7}},"40":{"start":{"line":114,"column":8},"end":{"line":119,"column":9}},"41":{"start":{"line":116,"column":10},"end":{"line":118,"column":12}},"42":{"start":{"line":120,"column":8},"end":{"line":120,"column":33}},"43":{"start":{"line":124,"column":4},"end":{"line":134,"column":5}},"44":{"start":{"line":125,"column":6},"end":{"line":133,"column":9}},"45":{"start":{"line":136,"column":20},"end":{"line":136,"column":72}},"46":{"start":{"line":137,"column":24},"end":{"line":137,"column":53}},"47":{"start":{"line":139,"column":4},"end":{"line":150,"column":6}},"48":{"start":{"line":9,"column":13},"end":{"line":9,"column":24}},"49":{"start":{"line":9,"column":13},"end":{"line":152,"column":null}}},"fnMap":{"0":{"name":"(anonymous_2)","decl":{"start":{"line":14,"column":2},"end":{"line":14,"column":null}},"loc":{"start":{"line":17,"column":43},"end":{"line":18,"column":6}}},"1":{"name":"(anonymous_3)","decl":{"start":{"line":23,"column":2},"end":{"line":23,"column":7}},"loc":{"start":{"line":23,"column":37},"end":{"line":40,"column":3}}},"2":{"name":"(anonymous_4)","decl":{"start":{"line":45,"column":2},"end":{"line":45,"column":7}},"loc":{"start":{"line":45,"column":35},"end":{"line":94,"column":3}}},"3":{"name":"(anonymous_5)","decl":{"start":{"line":99,"column":2},"end":{"line":99,"column":7}},"loc":{"start":{"line":99,"column":37},"end":{"line":151,"column":3}}}},"branchMap":{"0":{"loc":{"start":{"line":31,"column":4},"end":{"line":34,"column":5}},"type":"if","locations":[{"start":{"line":31,"column":4},"end":{"line":34,"column":5}}]},"1":{"loc":{"start":{"line":51,"column":6},"end":{"line":54,"column":32}},"type":"binary-expr","locations":[{"start":{"line":51,"column":6},"end":{"line":51,"column":43}},{"start":{"line":52,"column":6},"end":{"line":52,"column":19}},{"start":{"line":53,"column":6},"end":{"line":53,"column":31}},{"start":{"line":54,"column":6},"end":{"line":54,"column":32}}]},"2":{"loc":{"start":{"line":56,"column":4},"end":{"line":58,"column":5}},"type":"if","locations":[{"start":{"line":56,"column":4},"end":{"line":58,"column":5}}]},"3":{"loc":{"start":{"line":56,"column":8},"end":{"line":56,"column":35}},"type":"binary-expr","locations":[{"start":{"line":56,"column":8},"end":{"line":56,"column":15}},{"start":{"line":56,"column":19},"end":{"line":56,"column":35}}]},"4":{"loc":{"start":{"line":60,"column":4},"end":{"line":62,"column":5}},"type":"if","locations":[{"start":{"line":60,"column":4},"end":{"line":62,"column":5}}]},"5":{"loc":{"start":{"line":60,"column":8},"end":{"line":60,"column":62}},"type":"binary-expr","locations":[{"start":{"line":60,"column":8},"end":{"line":60,"column":14}},{"start":{"line":60,"column":18},"end":{"line":60,"column":42}},{"start":{"line":60,"column":46},"end":{"line":60,"column":62}}]},"6":{"loc":{"start":{"line":64,"column":4},"end":{"line":66,"column":5}},"type":"if","locations":[{"start":{"line":64,"column":4},"end":{"line":66,"column":5}}]},"7":{"loc":{"start":{"line":71,"column":4},"end":{"line":79,"column":5}},"type":"if","locations":[{"start":{"line":71,"column":4},"end":{"line":79,"column":5}}]},"8":{"loc":{"start":{"line":100,"column":4},"end":{"line":102,"column":5}},"type":"if","locations":[{"start":{"line":100,"column":4},"end":{"line":102,"column":5}}]},"9":{"loc":{"start":{"line":108,"column":4},"end":{"line":122,"column":5}},"type":"if","locations":[{"start":{"line":108,"column":4},"end":{"line":122,"column":5}}]},"10":{"loc":{"start":{"line":108,"column":8},"end":{"line":108,"column":26}},"type":"binary-expr","locations":[{"start":{"line":108,"column":8},"end":{"line":108,"column":13}},{"start":{"line":108,"column":17},"end":{"line":108,"column":26}}]},"11":{"loc":{"start":{"line":113,"column":6},"end":{"line":121,"column":7}},"type":"if","locations":[{"start":{"line":113,"column":6},"end":{"line":121,"column":7}}]},"12":{"loc":{"start":{"line":114,"column":8},"end":{"line":119,"column":9}},"type":"if","locations":[{"start":{"line":114,"column":8},"end":{"line":119,"column":9}}]},"13":{"loc":{"start":{"line":124,"column":4},"end":{"line":134,"column":5}},"type":"if","locations":[{"start":{"line":124,"column":4},"end":{"line":134,"column":5}}]},"14":{"loc":{"start":{"line":129,"column":20},"end":{"line":129,"column":56}},"type":"binary-expr","locations":[{"start":{"line":129,"column":20},"end":{"line":129,"column":32}},{"start":{"line":129,"column":36},"end":{"line":129,"column":56}}]}},"s":{"0":1,"1":1,"2":1,"3":1,"4":1,"5":1,"6":4,"7":4,"8":4,"9":4,"10":4,"11":2,"12":2,"13":2,"14":2,"15":2,"16":1,"17":1,"18":1,"19":0,"20":0,"21":0,"22":0,"23":0,"24":0,"25":0,"26":0,"27":0,"28":0,"29":0,"30":0,"31":0,"32":0,"33":0,"34":1,"35":0,"36":1,"37":1,"38":1,"39":1,"40":1,"41":1,"42":0,"43":0,"44":0,"45":0,"46":0,"47":0,"48":1,"49":1},"f":{"0":4,"1":2,"2":0,"3":1},"b":{"0":[1],"1":[0,0,0,0],"2":[0],"3":[0,0],"4":[0],"5":[0,0,0],"6":[0],"7":[0],"8":[0],"9":[1],"10":[1,1],"11":[1],"12":[1],"13":[0],"14":[0,0]}}
,"/home/gaetan/Documents/GitHub/send-moi/backend/src/modules/auth/index.ts": {"path":"/home/gaetan/Documents/GitHub/send-moi/backend/src/modules/auth/index.ts","statementMap":{"0":{"start":{"line":1,"column":0},"end":{"line":1,"column":30}},"1":{"start":{"line":2,"column":0},"end":{"line":2,"column":31}},"2":{"start":{"line":3,"column":0},"end":{"line":3,"column":34}},"3":{"start":{"line":4,"column":0},"end":{"line":4,"column":31}},"4":{"start":{"line":5,"column":0},"end":{"line":5,"column":33}},"5":{"start":{"line":6,"column":0},"end":{"line":6,"column":35}},"6":{"start":{"line":7,"column":0},"end":{"line":7,"column":34}},"7":{"start":{"line":8,"column":0},"end":{"line":8,"column":30}},"8":{"start":{"line":9,"column":0},"end":{"line":9,"column":30}}},"fnMap":{},"branchMap":{},"s":{"0":0,"1":0,"2":0,"3":0,"4":0,"5":0,"6":0,"7":0,"8":0},"f":{},"b":{}}
,"/home/gaetan/Documents/GitHub/send-moi/backend/src/modules/auth/jwt-auth.guard.ts": {"path":"/home/gaetan/Documents/GitHub/send-moi/backend/src/modules/auth/jwt-auth.guard.ts","statementMap":{"0":{"start":{"line":1,"column":0},"end":{"line":1,"column":85}},"1":{"start":{"line":2,"column":0},"end":{"line":2,"column":41}},"2":{"start":{"line":3,"column":0},"end":{"line":3,"column":45}},"3":{"start":{"line":4,"column":0},"end":{"line":4,"column":51}},"4":{"start":{"line":7,"column":7},"end":{"line":31,"column":null}},"5":{"start":{"line":9,"column":4},"end":{"line":9,"column":12}},"6":{"start":{"line":8,"column":22},"end":{"line":8,"column":33}},"7":{"start":{"line":13,"column":21},"end":{"line":16,"column":6}},"8":{"start":{"line":18,"column":4},"end":{"line":20,"column":5}},"9":{"start":{"line":19,"column":6},"end":{"line":19,"column":18}},"10":{"start":{"line":22,"column":4},"end":{"line":22,"column":38}},"11":{"start":{"line":26,"column":4},"end":{"line":28,"column":5}},"12":{"start":{"line":27,"column":6},"end":{"line":27,"column":114}},"13":{"start":{"line":29,"column":4},"end":{"line":29,"column":16}},"14":{"start":{"line":7,"column":13},"end":{"line":7,"column":25}},"15":{"start":{"line":7,"column":13},"end":{"line":31,"column":null}}},"fnMap":{"0":{"name":"(anonymous_2)","decl":{"start":{"line":8,"column":2},"end":{"line":8,"column":22}},"loc":{"start":{"line":8,"column":42},"end":{"line":10,"column":3}}},"1":{"name":"(anonymous_3)","decl":{"start":{"line":12,"column":2},"end":{"line":12,"column":13}},"loc":{"start":{"line":12,"column":39},"end":{"line":23,"column":3}}},"2":{"name":"(anonymous_4)","decl":{"start":{"line":25,"column":2},"end":{"line":25,"column":15}},"loc":{"start":{"line":25,"column":35},"end":{"line":30,"column":3}}}},"branchMap":{"0":{"loc":{"start":{"line":18,"column":4},"end":{"line":20,"column":5}},"type":"if","locations":[{"start":{"line":18,"column":4},"end":{"line":20,"column":5}}]},"1":{"loc":{"start":{"line":26,"column":4},"end":{"line":28,"column":5}},"type":"if","locations":[{"start":{"line":26,"column":4},"end":{"line":28,"column":5}}]},"2":{"loc":{"start":{"line":26,"column":8},"end":{"line":26,"column":20}},"type":"binary-expr","locations":[{"start":{"line":26,"column":8},"end":{"line":26,"column":11}},{"start":{"line":26,"column":15},"end":{"line":26,"column":20}}]},"3":{"loc":{"start":{"line":27,"column":12},"end":{"line":27,"column":113}},"type":"binary-expr","locations":[{"start":{"line":27,"column":12},"end":{"line":27,"column":15}},{"start":{"line":27,"column":19},"end":{"line":27,"column":113}}]}},"s":{"0":0,"1":0,"2":0,"3":0,"4":0,"5":0,"6":0,"7":0,"8":0,"9":0,"10":0,"11":0,"12":0,"13":0,"14":0,"15":0},"f":{"0":0,"1":0,"2":0},"b":{"0":[0],"1":[0],"2":[0,0],"3":[0,0]}}
,"/home/gaetan/Documents/GitHub/send-moi/backend/src/modules/auth/jwt.strategy.ts": {"path":"/home/gaetan/Documents/GitHub/send-moi/backend/src/modules/auth/jwt.strategy.ts","statementMap":{"0":{"start":{"line":1,"column":0},"end":{"line":1,"column":67}},"1":{"start":{"line":2,"column":0},"end":{"line":2,"column":52}},"2":{"start":{"line":3,"column":0},"end":{"line":3,"column":52}},"3":{"start":{"line":4,"column":0},"end":{"line":4,"column":60}},"4":{"start":{"line":13,"column":7},"end":{"line":37,"column":null}},"5":{"start":{"line":15,"column":4},"end":{"line":19,"column":7}},"6":{"start":{"line":14,"column":31},"end":{"line":14,"column":39}},"7":{"start":{"line":23,"column":17},"end":{"line":25,"column":6}},"8":{"start":{"line":27,"column":4},"end":{"line":29,"column":5}},"9":{"start":{"line":28,"column":6},"end":{"line":28,"column":74}},"10":{"start":{"line":31,"column":4},"end":{"line":35,"column":6}},"11":{"start":{"line":13,"column":13},"end":{"line":13,"column":24}},"12":{"start":{"line":13,"column":13},"end":{"line":37,"column":null}}},"fnMap":{"0":{"name":"(anonymous_2)","decl":{"start":{"line":14,"column":2},"end":{"line":14,"column":31}},"loc":{"start":{"line":14,"column":52},"end":{"line":20,"column":3}}},"1":{"name":"(anonymous_3)","decl":{"start":{"line":22,"column":2},"end":{"line":22,"column":7}},"loc":{"start":{"line":22,"column":36},"end":{"line":36,"column":3}}}},"branchMap":{"0":{"loc":{"start":{"line":18,"column":19},"end":{"line":18,"column":75}},"type":"binary-expr","locations":[{"start":{"line":18,"column":19},"end":{"line":18,"column":41}},{"start":{"line":18,"column":45},"end":{"line":18,"column":75}}]},"1":{"loc":{"start":{"line":27,"column":4},"end":{"line":29,"column":5}},"type":"if","locations":[{"start":{"line":27,"column":4},"end":{"line":29,"column":5}}]}},"s":{"0":0,"1":0,"2":0,"3":0,"4":0,"5":0,"6":0,"7":0,"8":0,"9":0,"10":0,"11":0,"12":0},"f":{"0":0,"1":0},"b":{"0":[0,0],"1":[0]}}
,"/home/gaetan/Documents/GitHub/send-moi/backend/src/modules/auth/public.decorator.ts": {"path":"/home/gaetan/Documents/GitHub/send-moi/backend/src/modules/auth/public.decorator.ts","statementMap":{"0":{"start":{"line":1,"column":0},"end":{"line":1,"column":45}},"1":{"start":{"line":3,"column":13},"end":{"line":3,"column":40}},"2":{"start":{"line":4,"column":22},"end":{"line":4,"column":60}},"3":{"start":{"line":4,"column":28},"end":{"line":4,"column":60}},"4":{"start":{"line":4,"column":13},"end":{"line":4,"column":22}}},"fnMap":{"0":{"name":"(anonymous_0)","decl":{"start":{"line":4,"column":22},"end":{"line":4,"column":25}},"loc":{"start":{"line":4,"column":28},"end":{"line":4,"column":60}}}},"branchMap":{},"s":{"0":0,"1":0,"2":0,"3":0,"4":0},"f":{"0":0},"b":{}}
,"/home/gaetan/Documents/GitHub/send-moi/backend/src/modules/auth/roles.decorator.ts": {"path":"/home/gaetan/Documents/GitHub/send-moi/backend/src/modules/auth/roles.decorator.ts","statementMap":{"0":{"start":{"line":1,"column":0},"end":{"line":1,"column":45}},"1":{"start":{"line":4,"column":13},"end":{"line":4,"column":33}},"2":{"start":{"line":5,"column":21},"end":{"line":5,"column":72}},"3":{"start":{"line":5,"column":43},"end":{"line":5,"column":72}},"4":{"start":{"line":5,"column":13},"end":{"line":5,"column":21}}},"fnMap":{"0":{"name":"(anonymous_0)","decl":{"start":{"line":5,"column":21},"end":{"line":5,"column":22}},"loc":{"start":{"line":5,"column":43},"end":{"line":5,"column":72}}}},"branchMap":{},"s":{"0":0,"1":0,"2":0,"3":0,"4":0},"f":{"0":0},"b":{}}
,"/home/gaetan/Documents/GitHub/send-moi/backend/src/modules/auth/roles.guard.ts": {"path":"/home/gaetan/Documents/GitHub/send-moi/backend/src/modules/auth/roles.guard.ts","statementMap":{"0":{"start":{"line":1,"column":0},"end":{"line":1,"column":75}},"1":{"start":{"line":2,"column":0},"end":{"line":2,"column":41}},"2":{"start":{"line":4,"column":0},"end":{"line":4,"column":46}},"3":{"start":{"line":7,"column":7},"end":{"line":21,"column":null}},"4":{"start":{"line":8,"column":22},"end":{"line":8,"column":33}},"5":{"start":{"line":11,"column":26},"end":{"line":14,"column":6}},"6":{"start":{"line":15,"column":4},"end":{"line":17,"column":5}},"7":{"start":{"line":16,"column":6},"end":{"line":16,"column":18}},"8":{"start":{"line":18,"column":21},"end":{"line":18,"column":56}},"9":{"start":{"line":19,"column":4},"end":{"line":19,"column":61}},"10":{"start":{"line":19,"column":40},"end":{"line":19,"column":59}},"11":{"start":{"line":7,"column":13},"end":{"line":7,"column":23}},"12":{"start":{"line":7,"column":13},"end":{"line":21,"column":null}}},"fnMap":{"0":{"name":"(anonymous_2)","decl":{"start":{"line":8,"column":2},"end":{"line":8,"column":22}},"loc":{"start":{"line":8,"column":42},"end":{"line":8,"column":46}}},"1":{"name":"(anonymous_3)","decl":{"start":{"line":10,"column":2},"end":{"line":10,"column":13}},"loc":{"start":{"line":10,"column":39},"end":{"line":20,"column":3}}},"2":{"name":"(anonymous_4)","decl":{"start":{"line":19,"column":30},"end":{"line":19,"column":31}},"loc":{"start":{"line":19,"column":40},"end":{"line":19,"column":59}}}},"branchMap":{"0":{"loc":{"start":{"line":15,"column":4},"end":{"line":17,"column":5}},"type":"if","locations":[{"start":{"line":15,"column":4},"end":{"line":17,"column":5}}]}},"s":{"0":0,"1":0,"2":0,"3":0,"4":0,"5":0,"6":0,"7":0,"8":0,"9":0,"10":0,"11":0,"12":0},"f":{"0":0,"1":0,"2":0},"b":{"0":[0]}}
,"/home/gaetan/Documents/GitHub/send-moi/backend/src/modules/auth/sms.service.ts": {"path":"/home/gaetan/Documents/GitHub/send-moi/backend/src/modules/auth/sms.service.ts","statementMap":{"0":{"start":{"line":1,"column":0},"end":{"line":1,"column":52}},"1":{"start":{"line":4,"column":23},"end":{"line":65,"column":null}},"2":{"start":{"line":5,"column":19},"end":{"line":5,"column":56}},"3":{"start":{"line":11,"column":20},"end":{"line":11,"column":98}},"4":{"start":{"line":13,"column":4},"end":{"line":13,"column":70}},"5":{"start":{"line":16,"column":19},"end":{"line":16,"column":54}},"6":{"start":{"line":17,"column":21},"end":{"line":17,"column":70}},"7":{"start":{"line":19,"column":4},"end":{"line":54,"column":5}},"8":{"start":{"line":20,"column":6},"end":{"line":20,"column":109}},"9":{"start":{"line":21,"column":6},"end":{"line":53,"column":7}},"10":{"start":{"line":22,"column":21},"end":{"line":26,"column":10}},"11":{"start":{"line":28,"column":20},"end":{"line":30,"column":63}},"12":{"start":{"line":32,"column":25},"end":{"line":40,"column":10}},"13":{"start":{"line":42,"column":8},"end":{"line":49,"column":9}},"14":{"start":{"line":43,"column":10},"end":{"line":43,"column":81}},"15":{"start":{"line":44,"column":10},"end":{"line":44,"column":22}},"16":{"start":{"line":46,"column":26},"end":{"line":46,"column":47}},"17":{"start":{"line":47,"column":10},"end":{"line":47,"column":110}},"18":{"start":{"line":48,"column":10},"end":{"line":48,"column":23}},"19":{"start":{"line":51,"column":8},"end":{"line":51,"column":80}},"20":{"start":{"line":52,"column":8},"end":{"line":52,"column":21}},"21":{"start":{"line":57,"column":4},"end":{"line":60,"column":5}},"22":{"start":{"line":58,"column":6},"end":{"line":58,"column":94}},"23":{"start":{"line":59,"column":6},"end":{"line":59,"column":18}},"24":{"start":{"line":62,"column":4},"end":{"line":62,"column":102}},"25":{"start":{"line":63,"column":4},"end":{"line":63,"column":17}},"26":{"start":{"line":4,"column":13},"end":{"line":4,"column":23}},"27":{"start":{"line":4,"column":13},"end":{"line":65,"column":null}}},"fnMap":{"0":{"name":"(anonymous_1)","decl":{"start":{"line":4,"column":7},"end":{"line":4,"column":13}},"loc":{"start":{"line":4,"column":7},"end":{"line":65,"column":1}}},"1":{"name":"(anonymous_2)","decl":{"start":{"line":10,"column":2},"end":{"line":10,"column":7}},"loc":{"start":{"line":10,"column":46},"end":{"line":64,"column":3}}}},"branchMap":{"0":{"loc":{"start":{"line":17,"column":21},"end":{"line":17,"column":70}},"type":"binary-expr","locations":[{"start":{"line":17,"column":21},"end":{"line":17,"column":57}},{"start":{"line":17,"column":61},"end":{"line":17,"column":70}}]},"1":{"loc":{"start":{"line":19,"column":4},"end":{"line":54,"column":5}},"type":"if","locations":[{"start":{"line":19,"column":4},"end":{"line":54,"column":5}}]},"2":{"loc":{"start":{"line":28,"column":20},"end":{"line":30,"column":63}},"type":"cond-expr","locations":[{"start":{"line":29,"column":12},"end":{"line":29,"column":71}},{"start":{"line":30,"column":12},"end":{"line":30,"column":63}}]},"3":{"loc":{"start":{"line":42,"column":8},"end":{"line":49,"column":9}},"type":"if","locations":[{"start":{"line":42,"column":8},"end":{"line":49,"column":9}},{"start":{"line":45,"column":15},"end":{"line":49,"column":9}}]},"4":{"loc":{"start":{"line":57,"column":4},"end":{"line":60,"column":5}},"type":"if","locations":[{"start":{"line":57,"column":4},"end":{"line":60,"column":5}}]}},"s":{"0":1,"1":1,"2":0,"3":0,"4":0,"5":0,"6":0,"7":0,"8":0,"9":0,"10":0,"11":0,"12":0,"13":0,"14":0,"15":0,"16":0,"17":0,"18":0,"19":0,"20":0,"21":0,"22":0,"23":0,"24":0,"25":0,"26":1,"27":1},"f":{"0":0,"1":0},"b":{"0":[0,0],"1":[0],"2":[0,0],"3":[0,0],"4":[0]}}
,"/home/gaetan/Documents/GitHub/send-moi/backend/src/modules/auth/dto/auth.dto.ts": {"path":"/home/gaetan/Documents/GitHub/send-moi/backend/src/modules/auth/dto/auth.dto.ts","statementMap":{"0":{"start":{"line":1,"column":0},"end":{"line":1,"column":85}},"1":{"start":{"line":2,"column":0},"end":{"line":2,"column":46}},"2":{"start":{"line":4,"column":0},"end":{"line":4,"column":13}},"3":{"start":{"line":9,"column":2},"end":{"line":9,"column":null}},"4":{"start":{"line":7,"column":29},"end":{"line":7,"column":90}},"5":{"start":{"line":12,"column":0},"end":{"line":12,"column":13}},"6":{"start":{"line":16,"column":2},"end":{"line":16,"column":null}},"7":{"start":{"line":15,"column":29},"end":{"line":15,"column":90}},"8":{"start":{"line":20,"column":2},"end":{"line":20,"column":null}},"9":{"start":{"line":23,"column":0},"end":{"line":23,"column":13}},"10":{"start":{"line":26,"column":2},"end":{"line":26,"column":null}},"11":{"start":{"line":30,"column":2},"end":{"line":30,"column":null}},"12":{"start":{"line":34,"column":2},"end":{"line":34,"column":null}},"13":{"start":{"line":38,"column":2},"end":{"line":38,"column":null}}},"fnMap":{"0":{"name":"(anonymous_2)","decl":{"start":{"line":7,"column":13},"end":{"line":7,"column":14}},"loc":{"start":{"line":7,"column":29},"end":{"line":7,"column":90}}},"1":{"name":"(anonymous_3)","decl":{"start":{"line":15,"column":13},"end":{"line":15,"column":14}},"loc":{"start":{"line":15,"column":29},"end":{"line":15,"column":90}}}},"branchMap":{"0":{"loc":{"start":{"line":7,"column":29},"end":{"line":7,"column":90}},"type":"cond-expr","locations":[{"start":{"line":7,"column":57},"end":{"line":7,"column":82}},{"start":{"line":7,"column":85},"end":{"line":7,"column":90}}]},"1":{"loc":{"start":{"line":15,"column":29},"end":{"line":15,"column":90}},"type":"cond-expr","locations":[{"start":{"line":15,"column":57},"end":{"line":15,"column":82}},{"start":{"line":15,"column":85},"end":{"line":15,"column":90}}]}},"s":{"0":0,"1":0,"2":0,"3":0,"4":0,"5":0,"6":0,"7":0,"8":0,"9":0,"10":0,"11":0,"12":0,"13":0},"f":{"0":0,"1":0},"b":{"0":[0,0],"1":[0,0]}}
,"/home/gaetan/Documents/GitHub/send-moi/backend/src/modules/health/health.controller.ts": {"path":"/home/gaetan/Documents/GitHub/send-moi/backend/src/modules/health/health.controller.ts","statementMap":{"0":{"start":{"line":1,"column":0},"end":{"line":1,"column":49}},"1":{"start":{"line":2,"column":0},"end":{"line":2,"column":60}},"2":{"start":{"line":3,"column":0},"end":{"line":3,"column":50}},"3":{"start":{"line":6,"column":7},"end":{"line":27,"column":null}},"4":{"start":{"line":7,"column":31},"end":{"line":7,"column":39}},"5":{"start":{"line":12,"column":19},"end":{"line":12,"column":23}},"6":{"start":{"line":13,"column":4},"end":{"line":17,"column":5}},"7":{"start":{"line":14,"column":6},"end":{"line":14,"column":44}},"8":{"start":{"line":16,"column":6},"end":{"line":16,"column":24}},"9":{"start":{"line":19,"column":4},"end":{"line":25,"column":6}},"10":{"start":{"line":6,"column":13},"end":{"line":6,"column":29}},"11":{"start":{"line":11,"column":8},"end":{"line":26,"column":null}},"12":{"start":{"line":6,"column":13},"end":{"line":27,"column":null}}},"fnMap":{"0":{"name":"(anonymous_2)","decl":{"start":{"line":7,"column":2},"end":{"line":7,"column":31}},"loc":{"start":{"line":7,"column":52},"end":{"line":7,"column":56}}},"1":{"name":"(anonymous_3)","decl":{"start":{"line":11,"column":2},"end":{"line":11,"column":7}},"loc":{"start":{"line":11,"column":19},"end":{"line":26,"column":3}}}},"branchMap":{"0":{"loc":{"start":{"line":20,"column":14},"end":{"line":20,"column":48}},"type":"cond-expr","locations":[{"start":{"line":20,"column":34},"end":{"line":20,"column":38}},{"start":{"line":20,"column":41},"end":{"line":20,"column":48}}]}},"s":{"0":0,"1":0,"2":0,"3":0,"4":0,"5":0,"6":0,"7":0,"8":0,"9":0,"10":0,"11":0,"12":0},"f":{"0":0,"1":0},"b":{"0":[0,0]}}
,"/home/gaetan/Documents/GitHub/send-moi/backend/src/modules/matching/matching.service.ts": {"path":"/home/gaetan/Documents/GitHub/send-moi/backend/src/modules/matching/matching.service.ts","statementMap":{"0":{"start":{"line":1,"column":0},"end":{"line":1,"column":52}},"1":{"start":{"line":2,"column":0},"end":{"line":2,"column":60}},"2":{"start":{"line":3,"column":0},"end":{"line":3,"column":51}},"3":{"start":{"line":6,"column":28},"end":{"line":51,"column":null}},"4":{"start":{"line":9,"column":31},"end":{"line":9,"column":39}},"5":{"start":{"line":7,"column":19},"end":{"line":7,"column":61}},"6":{"start":{"line":15,"column":19},"end":{"line":27,"column":6}},"7":{"start":{"line":29,"column":4},"end":{"line":29,"column":89}},"8":{"start":{"line":30,"column":4},"end":{"line":30,"column":18}},"9":{"start":{"line":37,"column":20},"end":{"line":37,"column":86}},"10":{"start":{"line":38,"column":4},"end":{"line":38,"column":30}},"11":{"start":{"line":38,"column":18},"end":{"line":38,"column":30}},"12":{"start":{"line":40,"column":23},"end":{"line":40,"column":66}},"13":{"start":{"line":41,"column":4},"end":{"line":44,"column":5}},"14":{"start":{"line":42,"column":6},"end":{"line":42,"column":96}},"15":{"start":{"line":43,"column":6},"end":{"line":43,"column":18}},"16":{"start":{"line":46,"column":26},"end":{"line":46,"column":39}},"17":{"start":{"line":47,"column":4},"end":{"line":47,"column":109}},"18":{"start":{"line":49,"column":4},"end":{"line":49,"column":25}},"19":{"start":{"line":6,"column":13},"end":{"line":6,"column":28}},"20":{"start":{"line":6,"column":13},"end":{"line":51,"column":null}}},"fnMap":{"0":{"name":"(anonymous_2)","decl":{"start":{"line":9,"column":2},"end":{"line":9,"column":31}},"loc":{"start":{"line":9,"column":52},"end":{"line":9,"column":56}}},"1":{"name":"(anonymous_3)","decl":{"start":{"line":14,"column":2},"end":{"line":14,"column":7}},"loc":{"start":{"line":14,"column":52},"end":{"line":31,"column":3}}},"2":{"name":"(anonymous_4)","decl":{"start":{"line":36,"column":2},"end":{"line":36,"column":7}},"loc":{"start":{"line":36,"column":41},"end":{"line":50,"column":3}}}},"branchMap":{"0":{"loc":{"start":{"line":38,"column":4},"end":{"line":38,"column":30}},"type":"if","locations":[{"start":{"line":38,"column":4},"end":{"line":38,"column":30}}]},"1":{"loc":{"start":{"line":41,"column":4},"end":{"line":44,"column":5}},"type":"if","locations":[{"start":{"line":41,"column":4},"end":{"line":44,"column":5}}]}},"s":{"0":1,"1":1,"2":1,"3":1,"4":0,"5":0,"6":0,"7":0,"8":0,"9":0,"10":0,"11":0,"12":0,"13":0,"14":0,"15":0,"16":0,"17":0,"18":0,"19":1,"20":1},"f":{"0":0,"1":0,"2":0},"b":{"0":[0],"1":[0]}}
,"/home/gaetan/Documents/GitHub/send-moi/backend/src/modules/missions/missions.controller.ts": {"path":"/home/gaetan/Documents/GitHub/send-moi/backend/src/modules/missions/missions.controller.ts","statementMap":{"0":{"start":{"line":1,"column":0},"end":{"line":1,"column":122}},"1":{"start":{"line":2,"column":0},"end":{"line":2,"column":53}},"2":{"start":{"line":3,"column":0},"end":{"line":3,"column":60}},"3":{"start":{"line":4,"column":0},"end":{"line":4,"column":69}},"4":{"start":{"line":5,"column":0},"end":{"line":5,"column":44}},"5":{"start":{"line":8,"column":7},"end":{"line":72,"column":null}},"6":{"start":{"line":9,"column":31},"end":{"line":9,"column":48}},"7":{"start":{"line":13,"column":21},"end":{"line":13,"column":32}},"8":{"start":{"line":14,"column":4},"end":{"line":14,"column":67}},"9":{"start":{"line":24,"column":19},"end":{"line":24,"column":31}},"10":{"start":{"line":25,"column":17},"end":{"line":25,"column":31}},"11":{"start":{"line":26,"column":4},"end":{"line":26,"column":78}},"12":{"start":{"line":31,"column":21},"end":{"line":31,"column":32}},"13":{"start":{"line":32,"column":4},"end":{"line":32,"column":78}},"14":{"start":{"line":39,"column":4},"end":{"line":39,"column":57}},"15":{"start":{"line":50,"column":20},"end":{"line":50,"column":31}},"16":{"start":{"line":51,"column":4},"end":{"line":51,"column":88}},"17":{"start":{"line":56,"column":21},"end":{"line":56,"column":32}},"18":{"start":{"line":57,"column":4},"end":{"line":57,"column":71}},"19":{"start":{"line":62,"column":21},"end":{"line":62,"column":32}},"20":{"start":{"line":63,"column":4},"end":{"line":63,"column":80}},"21":{"start":{"line":70,"column":4},"end":{"line":70,"column":57}},"22":{"start":{"line":8,"column":13},"end":{"line":8,"column":31}},"23":{"start":{"line":12,"column":8},"end":{"line":15,"column":null}},"24":{"start":{"line":18,"column":8},"end":{"line":27,"column":null}},"25":{"start":{"line":30,"column":8},"end":{"line":33,"column":null}},"26":{"start":{"line":38,"column":8},"end":{"line":40,"column":null}},"27":{"start":{"line":43,"column":8},"end":{"line":52,"column":null}},"28":{"start":{"line":55,"column":8},"end":{"line":58,"column":null}},"29":{"start":{"line":61,"column":8},"end":{"line":64,"column":null}},"30":{"start":{"line":69,"column":8},"end":{"line":71,"column":null}},"31":{"start":{"line":8,"column":13},"end":{"line":72,"column":null}}},"fnMap":{"0":{"name":"(anonymous_4)","decl":{"start":{"line":9,"column":2},"end":{"line":9,"column":31}},"loc":{"start":{"line":9,"column":63},"end":{"line":9,"column":67}}},"1":{"name":"(anonymous_5)","decl":{"start":{"line":12,"column":2},"end":{"line":12,"column":7}},"loc":{"start":{"line":12,"column":72},"end":{"line":15,"column":3}}},"2":{"name":"(anonymous_6)","decl":{"start":{"line":18,"column":2},"end":{"line":18,"column":7}},"loc":{"start":{"line":22,"column":43},"end":{"line":27,"column":3}}},"3":{"name":"(anonymous_7)","decl":{"start":{"line":30,"column":2},"end":{"line":30,"column":7}},"loc":{"start":{"line":30,"column":78},"end":{"line":33,"column":3}}},"4":{"name":"(anonymous_8)","decl":{"start":{"line":38,"column":2},"end":{"line":38,"column":7}},"loc":{"start":{"line":38,"column":77},"end":{"line":40,"column":3}}},"5":{"name":"(anonymous_9)","decl":{"start":{"line":43,"column":2},"end":{"line":43,"column":7}},"loc":{"start":{"line":48,"column":40},"end":{"line":52,"column":3}}},"6":{"name":"(anonymous_10)","decl":{"start":{"line":55,"column":2},"end":{"line":55,"column":7}},"loc":{"start":{"line":55,"column":68},"end":{"line":58,"column":3}}},"7":{"name":"(anonymous_11)","decl":{"start":{"line":61,"column":2},"end":{"line":61,"column":7}},"loc":{"start":{"line":61,"column":98},"end":{"line":64,"column":3}}},"8":{"name":"(anonymous_12)","decl":{"start":{"line":69,"column":2},"end":{"line":69,"column":7}},"loc":{"start":{"line":69,"column":45},"end":{"line":71,"column":3}}}},"branchMap":{},"s":{"0":0,"1":0,"2":0,"3":0,"4":0,"5":0,"6":0,"7":0,"8":0,"9":0,"10":0,"11":0,"12":0,"13":0,"14":0,"15":0,"16":0,"17":0,"18":0,"19":0,"20":0,"21":0,"22":0,"23":0,"24":0,"25":0,"26":0,"27":0,"28":0,"29":0,"30":0,"31":0},"f":{"0":0,"1":0,"2":0,"3":0,"4":0,"5":0,"6":0,"7":0,"8":0},"b":{}}
,"/home/gaetan/Documents/GitHub/send-moi/backend/src/modules/missions/missions.module.ts": {"path":"/home/gaetan/Documents/GitHub/send-moi/backend/src/modules/missions/missions.module.ts","statementMap":{"0":{"start":{"line":1,"column":0},"end":{"line":1,"column":40}},"1":{"start":{"line":2,"column":0},"end":{"line":2,"column":53}},"2":{"start":{"line":3,"column":0},"end":{"line":3,"column":59}},"3":{"start":{"line":4,"column":0},"end":{"line":4,"column":58}},"4":{"start":{"line":5,"column":0},"end":{"line":5,"column":68}},"5":{"start":{"line":6,"column":0},"end":{"line":6,"column":63}},"6":{"start":{"line":7,"column":0},"end":{"line":7,"column":57}},"7":{"start":{"line":15,"column":7},"end":{"line":15,"column":null}},"8":{"start":{"line":15,"column":13},"end":{"line":15,"column":27}},"9":{"start":{"line":15,"column":13},"end":{"line":15,"column":null}}},"fnMap":{},"branchMap":{},"s":{"0":0,"1":0,"2":0,"3":0,"4":0,"5":0,"6":0,"7":0,"8":0,"9":0},"f":{},"b":{}}
,"/home/gaetan/Documents/GitHub/send-moi/backend/src/modules/missions/missions.service.ts": {"path":"/home/gaetan/Documents/GitHub/send-moi/backend/src/modules/missions/missions.service.ts","statementMap":{"0":{"start":{"line":1,"column":0},"end":{"line":1,"column":112}},"1":{"start":{"line":2,"column":0},"end":{"line":2,"column":60}},"2":{"start":{"line":3,"column":0},"end":{"line":3,"column":83}},"3":{"start":{"line":5,"column":0},"end":{"line":5,"column":68}},"4":{"start":{"line":6,"column":0},"end":{"line":6,"column":63}},"5":{"start":{"line":7,"column":0},"end":{"line":7,"column":57}},"6":{"start":{"line":10,"column":28},"end":{"line":420,"column":null}},"7":{"start":{"line":14,"column":21},"end":{"line":14,"column":29}},"8":{"start":{"line":15,"column":21},"end":{"line":15,"column":41}},"9":{"start":{"line":16,"column":21},"end":{"line":16,"column":38}},"10":{"start":{"line":17,"column":21},"end":{"line":17,"column":36}},"11":{"start":{"line":11,"column":19},"end":{"line":11,"column":61}},"12":{"start":{"line":24,"column":4},"end":{"line":29,"column":5}},"13":{"start":{"line":25,"column":30},"end":{"line":25,"column":86}},"14":{"start":{"line":25,"column":64},"end":{"line":25,"column":82}},"15":{"start":{"line":26,"column":6},"end":{"line":28,"column":7}},"16":{"start":{"line":27,"column":8},"end":{"line":27,"column":106}},"17":{"start":{"line":31,"column":27},"end":{"line":31,"column":31}},"18":{"start":{"line":32,"column":21},"end":{"line":32,"column":22}},"19":{"start":{"line":33,"column":31},"end":{"line":33,"column":88}},"20":{"start":{"line":34,"column":30},"end":{"line":34,"column":94}},"21":{"start":{"line":35,"column":28},"end":{"line":35,"column":66}},"22":{"start":{"line":38,"column":20},"end":{"line":91,"column":6}},"23":{"start":{"line":39,"column":29},"end":{"line":53,"column":8}},"24":{"start":{"line":56,"column":6},"end":{"line":64,"column":9}},"25":{"start":{"line":67,"column":6},"end":{"line":78,"column":7}},"26":{"start":{"line":68,"column":8},"end":{"line":77,"column":11}},"27":{"start":{"line":69,"column":50},"end":{"line":76,"column":12}},"28":{"start":{"line":81,"column":6},"end":{"line":88,"column":9}},"29":{"start":{"line":90,"column":6},"end":{"line":90,"column":28}},"30":{"start":{"line":94,"column":4},"end":{"line":98,"column":5}},"31":{"start":{"line":95,"column":6},"end":{"line":95,"column":61}},"32":{"start":{"line":97,"column":6},"end":{"line":97,"column":97}},"33":{"start":{"line":100,"column":4},"end":{"line":100,"column":19}},"34":{"start":{"line":107,"column":20},"end":{"line":107,"column":86}},"35":{"start":{"line":108,"column":4},"end":{"line":108,"column":69}},"36":{"start":{"line":108,"column":18},"end":{"line":108,"column":69}},"37":{"start":{"line":110,"column":4},"end":{"line":112,"column":5}},"38":{"start":{"line":111,"column":6},"end":{"line":111,"column":101}},"39":{"start":{"line":114,"column":25},"end":{"line":114,"column":98}},"40":{"start":{"line":115,"column":4},"end":{"line":117,"column":5}},"41":{"start":{"line":116,"column":6},"end":{"line":116,"column":98}},"42":{"start":{"line":119,"column":27},"end":{"line":144,"column":6}},"43":{"start":{"line":121,"column":6},"end":{"line":124,"column":9}},"44":{"start":{"line":127,"column":6},"end":{"line":134,"column":9}},"45":{"start":{"line":136,"column":6},"end":{"line":143,"column":9}},"46":{"start":{"line":147,"column":4},"end":{"line":151,"column":5}},"47":{"start":{"line":148,"column":6},"end":{"line":148,"column":73}},"48":{"start":{"line":150,"column":6},"end":{"line":150,"column":109}},"49":{"start":{"line":153,"column":4},"end":{"line":153,"column":26}},"50":{"start":{"line":160,"column":20},"end":{"line":160,"column":86}},"51":{"start":{"line":161,"column":4},"end":{"line":161,"column":69}},"52":{"start":{"line":161,"column":18},"end":{"line":161,"column":69}},"53":{"start":{"line":163,"column":4},"end":{"line":165,"column":5}},"54":{"start":{"line":164,"column":6},"end":{"line":164,"column":107}},"55":{"start":{"line":167,"column":25},"end":{"line":167,"column":49}},"56":{"start":{"line":168,"column":22},"end":{"line":168,"column":107}},"57":{"start":{"line":170,"column":25},"end":{"line":170,"column":47}},"58":{"start":{"line":171,"column":16},"end":{"line":171,"column":26}},"59":{"start":{"line":172,"column":23},"end":{"line":172,"column":61}},"60":{"start":{"line":175,"column":26},"end":{"line":175,"column":95}},"61":{"start":{"line":177,"column":32},"end":{"line":177,"column":60}},"62":{"start":{"line":179,"column":4},"end":{"line":210,"column":7}},"63":{"start":{"line":181,"column":6},"end":{"line":192,"column":9}},"64":{"start":{"line":195,"column":6},"end":{"line":202,"column":9}},"65":{"start":{"line":205,"column":6},"end":{"line":209,"column":9}},"66":{"start":{"line":217,"column":20},"end":{"line":220,"column":6}},"67":{"start":{"line":222,"column":4},"end":{"line":222,"column":69}},"68":{"start":{"line":222,"column":18},"end":{"line":222,"column":69}},"69":{"start":{"line":224,"column":4},"end":{"line":226,"column":5}},"70":{"start":{"line":225,"column":6},"end":{"line":225,"column":106}},"71":{"start":{"line":228,"column":4},"end":{"line":230,"column":5}},"72":{"start":{"line":229,"column":6},"end":{"line":229,"column":91}},"73":{"start":{"line":232,"column":4},"end":{"line":268,"column":7}},"74":{"start":{"line":234,"column":6},"end":{"line":240,"column":9}},"75":{"start":{"line":243,"column":6},"end":{"line":248,"column":7}},"76":{"start":{"line":244,"column":8},"end":{"line":247,"column":11}},"77":{"start":{"line":251,"column":6},"end":{"line":258,"column":9}},"78":{"start":{"line":261,"column":29},"end":{"line":265,"column":8}},"79":{"start":{"line":267,"column":6},"end":{"line":267,"column":28}},"80":{"start":{"line":275,"column":20},"end":{"line":278,"column":6}},"81":{"start":{"line":280,"column":4},"end":{"line":280,"column":69}},"82":{"start":{"line":280,"column":18},"end":{"line":280,"column":69}},"83":{"start":{"line":282,"column":4},"end":{"line":284,"column":5}},"84":{"start":{"line":283,"column":6},"end":{"line":283,"column":102}},"85":{"start":{"line":286,"column":4},"end":{"line":288,"column":5}},"86":{"start":{"line":287,"column":6},"end":{"line":287,"column":97}},"87":{"start":{"line":290,"column":4},"end":{"line":306,"column":7}},"88":{"start":{"line":292,"column":6},"end":{"line":299,"column":9}},"89":{"start":{"line":301,"column":6},"end":{"line":305,"column":9}},"90":{"start":{"line":313,"column":20},"end":{"line":316,"column":6}},"91":{"start":{"line":318,"column":4},"end":{"line":318,"column":69}},"92":{"start":{"line":318,"column":18},"end":{"line":318,"column":69}},"93":{"start":{"line":320,"column":4},"end":{"line":322,"column":5}},"94":{"start":{"line":321,"column":6},"end":{"line":321,"column":115}},"95":{"start":{"line":324,"column":4},"end":{"line":347,"column":7}},"96":{"start":{"line":326,"column":6},"end":{"line":329,"column":9}},"97":{"start":{"line":332,"column":6},"end":{"line":339,"column":9}},"98":{"start":{"line":342,"column":6},"end":{"line":346,"column":9}},"99":{"start":{"line":354,"column":22},"end":{"line":357,"column":6}},"100":{"start":{"line":359,"column":4},"end":{"line":359,"column":69}},"101":{"start":{"line":359,"column":20},"end":{"line":359,"column":69}},"102":{"start":{"line":360,"column":4},"end":{"line":362,"column":5}},"103":{"start":{"line":361,"column":6},"end":{"line":361,"column":104}},"104":{"start":{"line":365,"column":45},"end":{"line":365,"column":90}},"105":{"start":{"line":366,"column":4},"end":{"line":368,"column":5}},"106":{"start":{"line":367,"column":6},"end":{"line":367,"column":126}},"107":{"start":{"line":370,"column":4},"end":{"line":372,"column":5}},"108":{"start":{"line":371,"column":6},"end":{"line":371,"column":69}},"109":{"start":{"line":374,"column":4},"end":{"line":391,"column":7}},"110":{"start":{"line":376,"column":31},"end":{"line":379,"column":8}},"111":{"start":{"line":382,"column":6},"end":{"line":388,"column":7}},"112":{"start":{"line":383,"column":30},"end":{"line":383,"column":104}},"113":{"start":{"line":384,"column":8},"end":{"line":387,"column":11}},"114":{"start":{"line":390,"column":6},"end":{"line":390,"column":30}},"115":{"start":{"line":398,"column":21},"end":{"line":398,"column":41}},"116":{"start":{"line":399,"column":20},"end":{"line":399,"column":39}},"117":{"start":{"line":400,"column":20},"end":{"line":400,"column":39}},"118":{"start":{"line":402,"column":4},"end":{"line":418,"column":7}},"119":{"start":{"line":10,"column":13},"end":{"line":10,"column":28}},"120":{"start":{"line":10,"column":13},"end":{"line":420,"column":null}}},"fnMap":{"0":{"name":"(anonymous_2)","decl":{"start":{"line":13,"column":2},"end":{"line":13,"column":null}},"loc":{"start":{"line":17,"column":49},"end":{"line":18,"column":6}}},"1":{"name":"(anonymous_3)","decl":{"start":{"line":23,"column":2},"end":{"line":23,"column":7}},"loc":{"start":{"line":23,"column":67},"end":{"line":101,"column":3}}},"2":{"name":"(anonymous_4)","decl":{"start":{"line":25,"column":52},"end":{"line":25,"column":53}},"loc":{"start":{"line":25,"column":64},"end":{"line":25,"column":82}}},"3":{"name":"(anonymous_5)","decl":{"start":{"line":38,"column":51},"end":{"line":38,"column":56}},"loc":{"start":{"line":38,"column":64},"end":{"line":91,"column":5}}},"4":{"name":"(anonymous_6)","decl":{"start":{"line":69,"column":35},"end":{"line":69,"column":36}},"loc":{"start":{"line":69,"column":50},"end":{"line":76,"column":12}}},"5":{"name":"(anonymous_7)","decl":{"start":{"line":106,"column":2},"end":{"line":106,"column":7}},"loc":{"start":{"line":106,"column":54},"end":{"line":154,"column":3}}},"6":{"name":"(anonymous_8)","decl":{"start":{"line":119,"column":58},"end":{"line":119,"column":63}},"loc":{"start":{"line":119,"column":71},"end":{"line":144,"column":5}}},"7":{"name":"(anonymous_9)","decl":{"start":{"line":159,"column":2},"end":{"line":159,"column":7}},"loc":{"start":{"line":159,"column":98},"end":{"line":211,"column":3}}},"8":{"name":"(anonymous_10)","decl":{"start":{"line":179,"column":36},"end":{"line":179,"column":41}},"loc":{"start":{"line":179,"column":49},"end":{"line":210,"column":5}}},"9":{"name":"(anonymous_11)","decl":{"start":{"line":216,"column":2},"end":{"line":216,"column":7}},"loc":{"start":{"line":216,"column":68},"end":{"line":269,"column":3}}},"10":{"name":"(anonymous_12)","decl":{"start":{"line":232,"column":36},"end":{"line":232,"column":41}},"loc":{"start":{"line":232,"column":49},"end":{"line":268,"column":5}}},"11":{"name":"(anonymous_13)","decl":{"start":{"line":274,"column":2},"end":{"line":274,"column":7}},"loc":{"start":{"line":274,"column":85},"end":{"line":307,"column":3}}},"12":{"name":"(anonymous_14)","decl":{"start":{"line":290,"column":36},"end":{"line":290,"column":41}},"loc":{"start":{"line":290,"column":49},"end":{"line":306,"column":5}}},"13":{"name":"(anonymous_15)","decl":{"start":{"line":312,"column":2},"end":{"line":312,"column":7}},"loc":{"start":{"line":312,"column":84},"end":{"line":348,"column":3}}},"14":{"name":"(anonymous_16)","decl":{"start":{"line":324,"column":36},"end":{"line":324,"column":41}},"loc":{"start":{"line":324,"column":49},"end":{"line":347,"column":5}}},"15":{"name":"(anonymous_17)","decl":{"start":{"line":353,"column":2},"end":{"line":353,"column":7}},"loc":{"start":{"line":353,"column":68},"end":{"line":392,"column":3}}},"16":{"name":"(anonymous_18)","decl":{"start":{"line":374,"column":36},"end":{"line":374,"column":41}},"loc":{"start":{"line":374,"column":49},"end":{"line":391,"column":5}}},"17":{"name":"(anonymous_19)","decl":{"start":{"line":397,"column":2},"end":{"line":397,"column":7}},"loc":{"start":{"line":397,"column":102},"end":{"line":419,"column":3}}}},"branchMap":{"0":{"loc":{"start":{"line":24,"column":4},"end":{"line":29,"column":5}},"type":"if","locations":[{"start":{"line":24,"column":4},"end":{"line":29,"column":5}}]},"1":{"loc":{"start":{"line":24,"column":8},"end":{"line":24,"column":51}},"type":"binary-expr","locations":[{"start":{"line":24,"column":8},"end":{"line":24,"column":22}},{"start":{"line":24,"column":26},"end":{"line":24,"column":51}}]},"2":{"loc":{"start":{"line":26,"column":6},"end":{"line":28,"column":7}},"type":"if","locations":[{"start":{"line":26,"column":6},"end":{"line":28,"column":7}}]},"3":{"loc":{"start":{"line":67,"column":6},"end":{"line":78,"column":7}},"type":"if","locations":[{"start":{"line":67,"column":6},"end":{"line":78,"column":7}}]},"4":{"loc":{"start":{"line":67,"column":10},"end":{"line":67,"column":53}},"type":"binary-expr","locations":[{"start":{"line":67,"column":10},"end":{"line":67,"column":24}},{"start":{"line":67,"column":28},"end":{"line":67,"column":53}}]},"5":{"loc":{"start":{"line":108,"column":4},"end":{"line":108,"column":69}},"type":"if","locations":[{"start":{"line":108,"column":4},"end":{"line":108,"column":69}}]},"6":{"loc":{"start":{"line":110,"column":4},"end":{"line":112,"column":5}},"type":"if","locations":[{"start":{"line":110,"column":4},"end":{"line":112,"column":5}}]},"7":{"loc":{"start":{"line":110,"column":8},"end":{"line":110,"column":105}},"type":"binary-expr","locations":[{"start":{"line":110,"column":8},"end":{"line":110,"column":48}},{"start":{"line":110,"column":52},"end":{"line":110,"column":105}}]},"8":{"loc":{"start":{"line":115,"column":4},"end":{"line":117,"column":5}},"type":"if","locations":[{"start":{"line":115,"column":4},"end":{"line":117,"column":5}}]},"9":{"loc":{"start":{"line":115,"column":8},"end":{"line":115,"column":59}},"type":"binary-expr","locations":[{"start":{"line":115,"column":8},"end":{"line":115,"column":21}},{"start":{"line":115,"column":25},"end":{"line":115,"column":59}}]},"10":{"loc":{"start":{"line":161,"column":4},"end":{"line":161,"column":69}},"type":"if","locations":[{"start":{"line":161,"column":4},"end":{"line":161,"column":69}}]},"11":{"loc":{"start":{"line":163,"column":4},"end":{"line":165,"column":5}},"type":"if","locations":[{"start":{"line":163,"column":4},"end":{"line":165,"column":5}}]},"12":{"loc":{"start":{"line":175,"column":26},"end":{"line":175,"column":95}},"type":"binary-expr","locations":[{"start":{"line":175,"column":26},"end":{"line":175,"column":35}},{"start":{"line":175,"column":39},"end":{"line":175,"column":48}},{"start":{"line":175,"column":52},"end":{"line":175,"column":71}},{"start":{"line":175,"column":75},"end":{"line":175,"column":95}}]},"13":{"loc":{"start":{"line":222,"column":4},"end":{"line":222,"column":69}},"type":"if","locations":[{"start":{"line":222,"column":4},"end":{"line":222,"column":69}}]},"14":{"loc":{"start":{"line":224,"column":4},"end":{"line":226,"column":5}},"type":"if","locations":[{"start":{"line":224,"column":4},"end":{"line":226,"column":5}}]},"15":{"loc":{"start":{"line":228,"column":4},"end":{"line":230,"column":5}},"type":"if","locations":[{"start":{"line":228,"column":4},"end":{"line":230,"column":5}}]},"16":{"loc":{"start":{"line":243,"column":6},"end":{"line":248,"column":7}},"type":"if","locations":[{"start":{"line":243,"column":6},"end":{"line":248,"column":7}}]},"17":{"loc":{"start":{"line":280,"column":4},"end":{"line":280,"column":69}},"type":"if","locations":[{"start":{"line":280,"column":4},"end":{"line":280,"column":69}}]},"18":{"loc":{"start":{"line":282,"column":4},"end":{"line":284,"column":5}},"type":"if","locations":[{"start":{"line":282,"column":4},"end":{"line":284,"column":5}}]},"19":{"loc":{"start":{"line":286,"column":4},"end":{"line":288,"column":5}},"type":"if","locations":[{"start":{"line":286,"column":4},"end":{"line":288,"column":5}}]},"20":{"loc":{"start":{"line":312,"column":48},"end":{"line":312,"column":84}},"type":"default-arg","locations":[{"start":{"line":312,"column":70},"end":{"line":312,"column":84}}]},"21":{"loc":{"start":{"line":318,"column":4},"end":{"line":318,"column":69}},"type":"if","locations":[{"start":{"line":318,"column":4},"end":{"line":318,"column":69}}]},"22":{"loc":{"start":{"line":320,"column":4},"end":{"line":322,"column":5}},"type":"if","locations":[{"start":{"line":320,"column":4},"end":{"line":322,"column":5}}]},"23":{"loc":{"start":{"line":359,"column":4},"end":{"line":359,"column":69}},"type":"if","locations":[{"start":{"line":359,"column":4},"end":{"line":359,"column":69}}]},"24":{"loc":{"start":{"line":360,"column":4},"end":{"line":362,"column":5}},"type":"if","locations":[{"start":{"line":360,"column":4},"end":{"line":362,"column":5}}]},"25":{"loc":{"start":{"line":366,"column":4},"end":{"line":368,"column":5}},"type":"if","locations":[{"start":{"line":366,"column":4},"end":{"line":368,"column":5}}]},"26":{"loc":{"start":{"line":370,"column":4},"end":{"line":372,"column":5}},"type":"if","locations":[{"start":{"line":370,"column":4},"end":{"line":372,"column":5}}]},"27":{"loc":{"start":{"line":382,"column":6},"end":{"line":388,"column":7}},"type":"if","locations":[{"start":{"line":382,"column":6},"end":{"line":388,"column":7}}]},"28":{"loc":{"start":{"line":404,"column":12},"end":{"line":404,"column":58}},"type":"cond-expr","locations":[{"start":{"line":404,"column":33},"end":{"line":404,"column":53}},{"start":{"line":404,"column":56},"end":{"line":404,"column":58}}]},"29":{"loc":{"start":{"line":404,"column":12},"end":{"line":404,"column":30}},"type":"binary-expr","locations":[{"start":{"line":404,"column":12},"end":{"line":404,"column":20}},{"start":{"line":404,"column":24},"end":{"line":404,"column":30}}]},"30":{"loc":{"start":{"line":405,"column":12},"end":{"line":405,"column":101}},"type":"cond-expr","locations":[{"start":{"line":405,"column":32},"end":{"line":405,"column":96}},{"start":{"line":405,"column":99},"end":{"line":405,"column":101}}]},"31":{"loc":{"start":{"line":405,"column":12},"end":{"line":405,"column":29}},"type":"binary-expr","locations":[{"start":{"line":405,"column":12},"end":{"line":405,"column":19}},{"start":{"line":405,"column":23},"end":{"line":405,"column":29}}]},"32":{"loc":{"start":{"line":406,"column":12},"end":{"line":406,"column":28}},"type":"binary-expr","locations":[{"start":{"line":406,"column":12},"end":{"line":406,"column":16}},{"start":{"line":406,"column":20},"end":{"line":406,"column":28}}]},"33":{"loc":{"start":{"line":407,"column":12},"end":{"line":407,"column":36}},"type":"binary-expr","locations":[{"start":{"line":407,"column":12},"end":{"line":407,"column":20}},{"start":{"line":407,"column":24},"end":{"line":407,"column":36}}]},"34":{"loc":{"start":{"line":408,"column":12},"end":{"line":408,"column":32}},"type":"binary-expr","locations":[{"start":{"line":408,"column":12},"end":{"line":408,"column":18}},{"start":{"line":408,"column":22},"end":{"line":408,"column":32}}]}},"s":{"0":1,"1":1,"2":1,"3":1,"4":1,"5":1,"6":1,"7":2,"8":2,"9":2,"10":2,"11":2,"12":1,"13":0,"14":0,"15":0,"16":0,"17":1,"18":1,"19":1,"20":1,"21":1,"22":1,"23":1,"24":1,"25":1,"26":0,"27":0,"28":1,"29":1,"30":1,"31":1,"32":0,"33":1,"34":0,"35":0,"36":0,"37":0,"38":0,"39":0,"40":0,"41":0,"42":0,"43":0,"44":0,"45":0,"46":0,"47":0,"48":0,"49":0,"50":0,"51":0,"52":0,"53":0,"54":0,"55":0,"56":0,"57":0,"58":0,"59":0,"60":0,"61":0,"62":0,"63":0,"64":0,"65":0,"66":0,"67":0,"68":0,"69":0,"70":0,"71":0,"72":0,"73":0,"74":0,"75":0,"76":0,"77":0,"78":0,"79":0,"80":0,"81":0,"82":0,"83":0,"84":0,"85":0,"86":0,"87":0,"88":0,"89":0,"90":0,"91":0,"92":0,"93":0,"94":0,"95":0,"96":0,"97":0,"98":0,"99":0,"100":0,"101":0,"102":0,"103":0,"104":0,"105":0,"106":0,"107":0,"108":0,"109":0,"110":0,"111":0,"112":0,"113":0,"114":0,"115":0,"116":0,"117":0,"118":0,"119":1,"120":1},"f":{"0":2,"1":1,"2":0,"3":1,"4":0,"5":0,"6":0,"7":0,"8":0,"9":0,"10":0,"11":0,"12":0,"13":0,"14":0,"15":0,"16":0,"17":0},"b":{"0":[0],"1":[1,0],"2":[0],"3":[0],"4":[1,0],"5":[0],"6":[0],"7":[0,0],"8":[0],"9":[0,0],"10":[0],"11":[0],"12":[0,0,0,0],"13":[0],"14":[0],"15":[0],"16":[0],"17":[0],"18":[0],"19":[0],"20":[0],"21":[0],"22":[0],"23":[0],"24":[0],"25":[0],"26":[0],"27":[0],"28":[0,0],"29":[0,0],"30":[0,0],"31":[0,0],"32":[0,0],"33":[0,0],"34":[0,0]}}
,"/home/gaetan/Documents/GitHub/send-moi/backend/src/modules/missions/dto/create-mission.dto.ts": {"path":"/home/gaetan/Documents/GitHub/send-moi/backend/src/modules/missions/dto/create-mission.dto.ts","statementMap":{"0":{"start":{"line":1,"column":0},"end":{"line":1,"column":120}},"1":{"start":{"line":2,"column":0},"end":{"line":2,"column":41}},"2":{"start":{"line":3,"column":0},"end":{"line":3,"column":48}},"3":{"start":{"line":5,"column":0},"end":{"line":5,"column":13}},"4":{"start":{"line":8,"column":2},"end":{"line":8,"column":null}},"5":{"start":{"line":11,"column":2},"end":{"line":11,"column":null}},"6":{"start":{"line":14,"column":0},"end":{"line":14,"column":13}},"7":{"start":{"line":16,"column":2},"end":{"line":16,"column":null}},"8":{"start":{"line":19,"column":2},"end":{"line":19,"column":null}},"9":{"start":{"line":23,"column":2},"end":{"line":23,"column":null}},"10":{"start":{"line":27,"column":2},"end":{"line":27,"column":null}},"11":{"start":{"line":30,"column":2},"end":{"line":30,"column":null}},"12":{"start":{"line":33,"column":2},"end":{"line":33,"column":null}},"13":{"start":{"line":39,"column":2},"end":{"line":39,"column":null}},"14":{"start":{"line":38,"column":14},"end":{"line":38,"column":26}}},"fnMap":{"0":{"name":"(anonymous_2)","decl":{"start":{"line":38,"column":8},"end":{"line":38,"column":11}},"loc":{"start":{"line":38,"column":14},"end":{"line":38,"column":26}}}},"branchMap":{},"s":{"0":0,"1":0,"2":0,"3":0,"4":0,"5":0,"6":0,"7":0,"8":0,"9":0,"10":0,"11":0,"12":0,"13":0,"14":0},"f":{"0":0},"b":{}}
,"/home/gaetan/Documents/GitHub/send-moi/backend/src/modules/organizations/organizations.controller.ts": {"path":"/home/gaetan/Documents/GitHub/send-moi/backend/src/modules/organizations/organizations.controller.ts","statementMap":{"0":{"start":{"line":1,"column":0},"end":{"line":1,"column":61}},"1":{"start":{"line":2,"column":0},"end":{"line":2,"column":86}},"2":{"start":{"line":5,"column":7},"end":{"line":17,"column":null}},"3":{"start":{"line":6,"column":31},"end":{"line":6,"column":53}},"4":{"start":{"line":10,"column":4},"end":{"line":10,"column":61}},"5":{"start":{"line":15,"column":4},"end":{"line":15,"column":47}},"6":{"start":{"line":5,"column":13},"end":{"line":5,"column":36}},"7":{"start":{"line":9,"column":8},"end":{"line":11,"column":null}},"8":{"start":{"line":14,"column":8},"end":{"line":16,"column":null}},"9":{"start":{"line":5,"column":13},"end":{"line":17,"column":null}}},"fnMap":{"0":{"name":"(anonymous_4)","decl":{"start":{"line":6,"column":2},"end":{"line":6,"column":31}},"loc":{"start":{"line":6,"column":73},"end":{"line":6,"column":77}}},"1":{"name":"(anonymous_5)","decl":{"start":{"line":9,"column":2},"end":{"line":9,"column":7}},"loc":{"start":{"line":9,"column":61},"end":{"line":11,"column":3}}},"2":{"name":"(anonymous_6)","decl":{"start":{"line":14,"column":2},"end":{"line":14,"column":7}},"loc":{"start":{"line":14,"column":24},"end":{"line":16,"column":3}}}},"branchMap":{},"s":{"0":0,"1":0,"2":0,"3":0,"4":0,"5":0,"6":0,"7":0,"8":0,"9":0},"f":{"0":0,"1":0,"2":0},"b":{}}
,"/home/gaetan/Documents/GitHub/send-moi/backend/src/modules/organizations/organizations.module.ts": {"path":"/home/gaetan/Documents/GitHub/send-moi/backend/src/modules/organizations/organizations.module.ts","statementMap":{"0":{"start":{"line":1,"column":0},"end":{"line":1,"column":40}},"1":{"start":{"line":2,"column":0},"end":{"line":2,"column":63}},"2":{"start":{"line":3,"column":0},"end":{"line":3,"column":69}},"3":{"start":{"line":10,"column":7},"end":{"line":10,"column":null}},"4":{"start":{"line":10,"column":13},"end":{"line":10,"column":32}},"5":{"start":{"line":10,"column":13},"end":{"line":10,"column":null}}},"fnMap":{},"branchMap":{},"s":{"0":0,"1":0,"2":0,"3":0,"4":0,"5":0},"f":{},"b":{}}
,"/home/gaetan/Documents/GitHub/send-moi/backend/src/modules/organizations/organizations.service.ts": {"path":"/home/gaetan/Documents/GitHub/send-moi/backend/src/modules/organizations/organizations.service.ts","statementMap":{"0":{"start":{"line":1,"column":0},"end":{"line":1,"column":63}},"1":{"start":{"line":2,"column":0},"end":{"line":2,"column":60}},"2":{"start":{"line":15,"column":7},"end":{"line":60,"column":null}},"3":{"start":{"line":16,"column":31},"end":{"line":16,"column":39}},"4":{"start":{"line":22,"column":23},"end":{"line":22,"column":47}},"5":{"start":{"line":24,"column":4},"end":{"line":48,"column":7}},"6":{"start":{"line":25,"column":18},"end":{"line":33,"column":8}},"7":{"start":{"line":35,"column":27},"end":{"line":42,"column":8}},"8":{"start":{"line":44,"column":6},"end":{"line":47,"column":8}},"9":{"start":{"line":55,"column":4},"end":{"line":58,"column":7}},"10":{"start":{"line":15,"column":13},"end":{"line":15,"column":33}},"11":{"start":{"line":15,"column":13},"end":{"line":60,"column":null}}},"fnMap":{"0":{"name":"(anonymous_2)","decl":{"start":{"line":16,"column":2},"end":{"line":16,"column":31}},"loc":{"start":{"line":16,"column":52},"end":{"line":16,"column":56}}},"1":{"name":"(anonymous_3)","decl":{"start":{"line":21,"column":2},"end":{"line":21,"column":7}},"loc":{"start":{"line":21,"column":53},"end":{"line":49,"column":3}}},"2":{"name":"(anonymous_4)","decl":{"start":{"line":24,"column":36},"end":{"line":24,"column":41}},"loc":{"start":{"line":24,"column":49},"end":{"line":48,"column":5}}},"3":{"name":"(anonymous_5)","decl":{"start":{"line":54,"column":2},"end":{"line":54,"column":7}},"loc":{"start":{"line":54,"column":15},"end":{"line":59,"column":3}}}},"branchMap":{"0":{"loc":{"start":{"line":22,"column":23},"end":{"line":22,"column":47}},"type":"binary-expr","locations":[{"start":{"line":22,"column":23},"end":{"line":22,"column":37}},{"start":{"line":22,"column":41},"end":{"line":22,"column":47}}]}},"s":{"0":0,"1":0,"2":0,"3":0,"4":0,"5":0,"6":0,"7":0,"8":0,"9":0,"10":0,"11":0},"f":{"0":0,"1":0,"2":0,"3":0},"b":{"0":[0,0]}}
,"/home/gaetan/Documents/GitHub/send-moi/backend/src/modules/payments/momo-api.service.ts": {"path":"/home/gaetan/Documents/GitHub/send-moi/backend/src/modules/payments/momo-api.service.ts","statementMap":{"0":{"start":{"line":1,"column":0},"end":{"line":1,"column":52}},"1":{"start":{"line":2,"column":0},"end":{"line":2,"column":49}},"2":{"start":{"line":5,"column":27},"end":{"line":62,"column":null}},"3":{"start":{"line":6,"column":19},"end":{"line":6,"column":60}},"4":{"start":{"line":17,"column":4},"end":{"line":19,"column":6}},"5":{"start":{"line":22,"column":4},"end":{"line":29,"column":5}},"6":{"start":{"line":23,"column":6},"end":{"line":23,"column":86}},"7":{"start":{"line":24,"column":6},"end":{"line":28,"column":8}},"8":{"start":{"line":32,"column":4},"end":{"line":39,"column":5}},"9":{"start":{"line":33,"column":6},"end":{"line":33,"column":90}},"10":{"start":{"line":34,"column":6},"end":{"line":38,"column":8}},"11":{"start":{"line":41,"column":4},"end":{"line":41,"column":44}},"12":{"start":{"line":53,"column":4},"end":{"line":55,"column":6}},"13":{"start":{"line":56,"column":4},"end":{"line":60,"column":6}},"14":{"start":{"line":5,"column":13},"end":{"line":5,"column":27}},"15":{"start":{"line":5,"column":13},"end":{"line":62,"column":null}}},"fnMap":{"0":{"name":"(anonymous_1)","decl":{"start":{"line":5,"column":7},"end":{"line":5,"column":13}},"loc":{"start":{"line":5,"column":7},"end":{"line":62,"column":1}}},"1":{"name":"(anonymous_2)","decl":{"start":{"line":11,"column":2},"end":{"line":11,"column":7}},"loc":{"start":{"line":15,"column":21},"end":{"line":42,"column":3}}},"2":{"name":"(anonymous_3)","decl":{"start":{"line":47,"column":2},"end":{"line":47,"column":7}},"loc":{"start":{"line":51,"column":20},"end":{"line":61,"column":3}}}},"branchMap":{"0":{"loc":{"start":{"line":22,"column":4},"end":{"line":29,"column":5}},"type":"if","locations":[{"start":{"line":22,"column":4},"end":{"line":29,"column":5}}]},"1":{"loc":{"start":{"line":32,"column":4},"end":{"line":39,"column":5}},"type":"if","locations":[{"start":{"line":32,"column":4},"end":{"line":39,"column":5}}]}},"s":{"0":1,"1":1,"2":1,"3":0,"4":0,"5":0,"6":0,"7":0,"8":0,"9":0,"10":0,"11":0,"12":0,"13":0,"14":1,"15":1},"f":{"0":0,"1":0,"2":0},"b":{"0":[0],"1":[0]}}
,"/home/gaetan/Documents/GitHub/send-moi/backend/src/modules/payments/payments.controller.ts": {"path":"/home/gaetan/Documents/GitHub/send-moi/backend/src/modules/payments/payments.controller.ts","statementMap":{"0":{"start":{"line":1,"column":0},"end":{"line":1,"column":113}},"1":{"start":{"line":2,"column":0},"end":{"line":2,"column":53}},"2":{"start":{"line":3,"column":0},"end":{"line":3,"column":74}},"3":{"start":{"line":4,"column":0},"end":{"line":4,"column":52}},"4":{"start":{"line":7,"column":7},"end":{"line":38,"column":null}},"5":{"start":{"line":8,"column":31},"end":{"line":8,"column":48}},"6":{"start":{"line":19,"column":27},"end":{"line":19,"column":53}},"7":{"start":{"line":20,"column":4},"end":{"line":22,"column":5}},"8":{"start":{"line":21,"column":6},"end":{"line":21,"column":85}},"9":{"start":{"line":23,"column":21},"end":{"line":23,"column":117}},"10":{"start":{"line":24,"column":4},"end":{"line":24,"column":95}},"11":{"start":{"line":34,"column":24},"end":{"line":34,"column":40}},"12":{"start":{"line":35,"column":24},"end":{"line":35,"column":36}},"13":{"start":{"line":36,"column":4},"end":{"line":36,"column":80}},"14":{"start":{"line":7,"column":13},"end":{"line":7,"column":31}},"15":{"start":{"line":12,"column":8},"end":{"line":25,"column":null}},"16":{"start":{"line":30,"column":8},"end":{"line":37,"column":null}},"17":{"start":{"line":7,"column":13},"end":{"line":38,"column":null}}},"fnMap":{"0":{"name":"(anonymous_4)","decl":{"start":{"line":8,"column":2},"end":{"line":8,"column":31}},"loc":{"start":{"line":8,"column":63},"end":{"line":8,"column":67}}},"1":{"name":"(anonymous_5)","decl":{"start":{"line":12,"column":2},"end":{"line":12,"column":7}},"loc":{"start":{"line":17,"column":24},"end":{"line":25,"column":3}}},"2":{"name":"(anonymous_6)","decl":{"start":{"line":30,"column":2},"end":{"line":30,"column":7}},"loc":{"start":{"line":32,"column":31},"end":{"line":37,"column":3}}}},"branchMap":{"0":{"loc":{"start":{"line":20,"column":4},"end":{"line":22,"column":5}},"type":"if","locations":[{"start":{"line":20,"column":4},"end":{"line":22,"column":5}}]},"1":{"loc":{"start":{"line":20,"column":8},"end":{"line":20,"column":58}},"type":"binary-expr","locations":[{"start":{"line":20,"column":8},"end":{"line":20,"column":22}},{"start":{"line":20,"column":26},"end":{"line":20,"column":58}}]},"2":{"loc":{"start":{"line":23,"column":21},"end":{"line":23,"column":117}},"type":"cond-expr","locations":[{"start":{"line":23,"column":62},"end":{"line":23,"column":90}},{"start":{"line":23,"column":93},"end":{"line":23,"column":117}}]},"3":{"loc":{"start":{"line":34,"column":24},"end":{"line":34,"column":40}},"type":"binary-expr","locations":[{"start":{"line":34,"column":24},"end":{"line":34,"column":34}},{"start":{"line":34,"column":38},"end":{"line":34,"column":40}}]},"4":{"loc":{"start":{"line":35,"column":24},"end":{"line":35,"column":36}},"type":"binary-expr","locations":[{"start":{"line":35,"column":24},"end":{"line":35,"column":28}},{"start":{"line":35,"column":32},"end":{"line":35,"column":36}}]}},"s":{"0":0,"1":0,"2":0,"3":0,"4":0,"5":0,"6":0,"7":0,"8":0,"9":0,"10":0,"11":0,"12":0,"13":0,"14":0,"15":0,"16":0,"17":0},"f":{"0":0,"1":0,"2":0},"b":{"0":[0],"1":[0,0],"2":[0,0],"3":[0,0],"4":[0,0]}}
,"/home/gaetan/Documents/GitHub/send-moi/backend/src/modules/payments/payments.module.ts": {"path":"/home/gaetan/Documents/GitHub/send-moi/backend/src/modules/payments/payments.module.ts","statementMap":{"0":{"start":{"line":1,"column":0},"end":{"line":1,"column":40}},"1":{"start":{"line":2,"column":0},"end":{"line":2,"column":53}},"2":{"start":{"line":3,"column":0},"end":{"line":3,"column":59}},"3":{"start":{"line":4,"column":0},"end":{"line":4,"column":52}},"4":{"start":{"line":11,"column":7},"end":{"line":11,"column":null}},"5":{"start":{"line":11,"column":13},"end":{"line":11,"column":27}},"6":{"start":{"line":11,"column":13},"end":{"line":11,"column":null}}},"fnMap":{},"branchMap":{},"s":{"0":0,"1":0,"2":0,"3":0,"4":0,"5":0,"6":0},"f":{},"b":{}}
[...]
,"/home/gaetan/Documents/GitHub/send-moi/backend/src/modules/proofs/proofs.service.ts": {"path":"/home/gaetan/Documents/GitHub/send-moi/backend/src/modules/proofs/proofs.service.ts","statementMap":{"0":{"start":{"line":1,"column":0},"end":{"line":1,"column":52}},"1":{"start":{"line":2,"column":0},"end":{"line":2,"column":33}},"2":{"start":{"line":5,"column":26},"end":{"line":61,"column":null}},"3":{"start":{"line":6,"column":19},"end":{"line":6,"column":59}},"4":{"start":{"line":9,"column":16},"end":{"line":9,"column":38}},"5":{"start":{"line":10,"column":4},"end":{"line":12,"column":5}},"6":{"start":{"line":11,"column":6},"end":{"line":11,"column":88}},"7":{"start":{"line":13,"column":4},"end":{"line":13,"column":15}},"8":{"start":{"line":26,"column":20},"end":{"line":26,"column":75}},"9":{"start":{"line":27,"column":17},"end":{"line":30,"column":20}},"10":{"start":{"line":32,"column":4},"end":{"line":32,"column":116}},"11":{"start":{"line":33,"column":4},"end":{"line":33,"column":16}},"12":{"start":{"line":47,"column":4},"end":{"line":49,"column":5}},"13":{"start":{"line":48,"column":6},"end":{"line":48,"column":19}},"14":{"start":{"line":51,"column":25},"end":{"line":51,"column":96}},"15":{"start":{"line":52,"column":24},"end":{"line":52,"column":56}},"16":{"start":{"line":53,"column":22},"end":{"line":53,"column":59}},"17":{"start":{"line":55,"column":4},"end":{"line":57,"column":5}},"18":{"start":{"line":56,"column":6},"end":{"line":56,"column":19}},"19":{"start":{"line":59,"column":4},"end":{"line":59,"column":58}},"20":{"start":{"line":5,"column":13},"end":{"line":5,"column":26}},"21":{"start":{"line":5,"column":13},"end":{"line":61,"column":null}}},"fnMap":{"0":{"name":"(anonymous_1)","decl":{"start":{"line":5,"column":7},"end":{"line":5,"column":13}},"loc":{"start":{"line":5,"column":7},"end":{"line":61,"column":1}}},"1":{"name":"(anonymous_2)","decl":{"start":{"line":8,"column":2},"end":{"line":8,"column":14}},"loc":{"start":{"line":8,"column":23},"end":{"line":14,"column":3}}},"2":{"name":"(anonymous_3)","decl":{"start":{"line":19,"column":2},"end":{"line":19,"column":24}},"loc":{"start":{"line":24,"column":24},"end":{"line":34,"column":3}}},"3":{"name":"(anonymous_4)","decl":{"start":{"line":39,"column":2},"end":{"line":39,"column":22}},"loc":{"start":{"line":45,"column":29},"end":{"line":60,"column":3}}}},"branchMap":{"0":{"loc":{"start":{"line":10,"column":4},"end":{"line":12,"column":5}},"type":"if","locations":[{"start":{"line":10,"column":4},"end":{"line":12,"column":5}}]},"1":{"loc":{"start":{"line":47,"column":4},"end":{"line":49,"column":5}},"type":"if","locations":[{"start":{"line":47,"column":4},"end":{"line":49,"column":5}}]},"2":{"loc":{"start":{"line":47,"column":8},"end":{"line":47,"column":67}},"type":"binary-expr","locations":[{"start":{"line":47,"column":8},"end":{"line":47,"column":26}},{"start":{"line":47,"column":30},"end":{"line":47,"column":67}}]},"3":{"loc":{"start":{"line":55,"column":4},"end":{"line":57,"column":5}},"type":"if","locations":[{"start":{"line":55,"column":4},"end":{"line":57,"column":5}}]}},"s":{"0":1,"1":1,"2":1,"3":0,"4":0,"5":0,"6":0,"7":0,"8":0,"9":0,"10":0,"11":0,"12":0,"13":0,"14":0,"15":0,"16":0,"17":0,"18":0,"19":0,"20":1,"21":1},"f":{"0":0,"1":0,"2":0,"3":0},"b":{"0":[0],"1":[0],"2":[0,0],"3":[0]}}
,"/home/gaetan/Documents/GitHub/send-moi/backend/src/modules/storage/storage.controller.ts": {"path":"/home/gaetan/Documents/GitHub/send-moi/backend/src/modules/storage/storage.controller.ts","statementMap":{"0":{"start":{"line":1,"column":0},"end":{"line":1,"column":102}},"1":{"start":{"line":2,"column":0},"end":{"line":2,"column":59}},"2":{"start":{"line":3,"column":0},"end":{"line":3,"column":51}},"3":{"start":{"line":6,"column":7},"end":{"line":21,"column":null}},"4":{"start":{"line":7,"column":31},"end":{"line":7,"column":47}},"5":{"start":{"line":12,"column":4},"end":{"line":14,"column":5}},"6":{"start":{"line":13,"column":6},"end":{"line":13,"column":77}},"7":{"start":{"line":15,"column":21},"end":{"line":15,"column":61}},"8":{"start":{"line":16,"column":4},"end":{"line":19,"column":6}},"9":{"start":{"line":6,"column":13},"end":{"line":6,"column":30}},"10":{"start":{"line":11,"column":8},"end":{"line":20,"column":null}},"11":{"start":{"line":6,"column":13},"end":{"line":21,"column":null}}},"fnMap":{"0":{"name":"(anonymous_4)","decl":{"start":{"line":7,"column":2},"end":{"line":7,"column":31}},"loc":{"start":{"line":7,"column":61},"end":{"line":7,"column":65}}},"1":{"name":"(anonymous_5)","decl":{"start":{"line":11,"column":2},"end":{"line":11,"column":7}},"loc":{"start":{"line":11,"column":44},"end":{"line":20,"column":3}}}},"branchMap":{"0":{"loc":{"start":{"line":12,"column":4},"end":{"line":14,"column":5}},"type":"if","locations":[{"start":{"line":12,"column":4},"end":{"line":14,"column":5}}]}},"s":{"0":0,"1":0,"2":0,"3":0,"4":0,"5":0,"6":0,"7":0,"8":0,"9":0,"10":0,"11":0},"f":{"0":0,"1":0},"b":{"0":[0]}}
,"/home/gaetan/Documents/GitHub/send-moi/backend/src/modules/storage/storage.module.ts": {"path":"/home/gaetan/Documents/GitHub/send-moi/backend/src/modules/storage/storage.module.ts","statementMap":{"0":{"start":{"line":1,"column":0},"end":{"line":1,"column":40}},"1":{"start":{"line":2,"column":0},"end":{"line":2,"column":51}},"2":{"start":{"line":3,"column":0},"end":{"line":3,"column":57}},"3":{"start":{"line":10,"column":7},"end":{"line":10,"column":null}},"4":{"start":{"line":10,"column":13},"end":{"line":10,"column":26}},"5":{"start":{"line":10,"column":13},"end":{"line":10,"column":null}}},"fnMap":{},"branchMap":{},"s":{"0":0,"1":0,"2":0,"3":0,"4":0,"5":0},"f":{},"b":{}}
,"/home/gaetan/Documents/GitHub/send-moi/backend/src/modules/storage/storage.service.ts": {"path":"/home/gaetan/Documents/GitHub/send-moi/backend/src/modules/storage/storage.service.ts","statementMap":{"0":{"start":{"line":1,"column":0},"end":{"line":1,"column":52}},"1":{"start":{"line":2,"column":0},"end":{"line":2,"column":25}},"2":{"start":{"line":3,"column":0},"end":{"line":3,"column":29}},"3":{"start":{"line":6,"column":27},"end":{"line":53,"column":null}},"4":{"start":{"line":7,"column":19},"end":{"line":7,"column":60}},"5":{"start":{"line":8,"column":19},"end":{"line":8,"column":67}},"6":{"start":{"line":11,"column":4},"end":{"line":13,"column":5}},"7":{"start":{"line":12,"column":6},"end":{"line":12,"column":56}},"8":{"start":{"line":20,"column":20},"end":{"line":20,"column":61}},"9":{"start":{"line":21,"column":21},"end":{"line":21,"column":95}},"10":{"start":{"line":22,"column":21},"end":{"line":22,"column":56}},"11":{"start":{"line":24,"column":4},"end":{"line":24,"column":55}},"12":{"start":{"line":25,"column":4},"end":{"line":25,"column":77}},"13":{"start":{"line":28,"column":22},"end":{"line":30,"column":30}},"14":{"start":{"line":32,"column":4},"end":{"line":32,"column":21}},"15":{"start":{"line":39,"column":21},"end":{"line":39,"column":60}},"16":{"start":{"line":40,"column":16},"end":{"line":40,"column":38}},"17":{"start":{"line":42,"column":4},"end":{"line":44,"column":5}},"18":{"start":{"line":43,"column":6},"end":{"line":43,"column":45}},"19":{"start":{"line":46,"column":4},"end":{"line":46,"column":50}},"20":{"start":{"line":47,"column":4},"end":{"line":47,"column":72}},"21":{"start":{"line":49,"column":4},"end":{"line":51,"column":35}},"22":{"start":{"line":6,"column":13},"end":{"line":6,"column":27}},"23":{"start":{"line":6,"column":13},"end":{"line":53,"column":null}}},"fnMap":{"0":{"name":"(anonymous_2)","decl":{"start":{"line":10,"column":2},"end":{"line":10,"column":null}},"loc":{"start":{"line":10,"column":2},"end":{"line":14,"column":3}}},"1":{"name":"(anonymous_3)","decl":{"start":{"line":19,"column":2},"end":{"line":19,"column":7}},"loc":{"start":{"line":19,"column":63},"end":{"line":33,"column":3}}},"2":{"name":"(anonymous_4)","decl":{"start":{"line":38,"column":2},"end":{"line":38,"column":7}},"loc":{"start":{"line":38,"column":75},"end":{"line":52,"column":3}}}},"branchMap":{"0":{"loc":{"start":{"line":11,"column":4},"end":{"line":13,"column":5}},"type":"if","locations":[{"start":{"line":11,"column":4},"end":{"line":13,"column":5}}]},"1":{"loc":{"start":{"line":20,"column":20},"end":{"line":20,"column":61}},"type":"binary-expr","locations":[{"start":{"line":20,"column":20},"end":{"line":20,"column":51}},{"start":{"line":20,"column":55},"end":{"line":20,"column":61}}]},"2":{"loc":{"start":{"line":28,"column":22},"end":{"line":30,"column":30}},"type":"cond-expr","locations":[{"start":{"line":29,"column":8},"end":{"line":29,"column":50}},{"start":{"line":30,"column":8},"end":{"line":30,"column":30}}]},"3":{"loc":{"start":{"line":42,"column":4},"end":{"line":44,"column":5}},"type":"if","locations":[{"start":{"line":42,"column":4},"end":{"line":44,"column":5}}]},"4":{"loc":{"start":{"line":49,"column":11},"end":{"line":51,"column":34}},"type":"cond-expr","locations":[{"start":{"line":50,"column":8},"end":{"line":50,"column":54}},{"start":{"line":51,"column":8},"end":{"line":51,"column":34}}]}},"s":{"0":1,"1":1,"2":1,"3":1,"4":0,"5":0,"6":0,"7":0,"8":0,"9":0,"10":0,"11":0,"12":0,"13":0,"14":0,"15":0,"16":0,"17":0,"18":0,"19":0,"20":0,"21":0,"22":1,"23":1},"f":{"0":0,"1":0,"2":0},"b":{"0":[0],"1":[0,0],"2":[0,0],"3":[0],"4":[0,0]}}
,"/home/gaetan/Documents/GitHub/send-moi/backend/src/modules/users/users.controller.ts": {"path":"/home/gaetan/Documents/GitHub/send-moi/backend/src/modules/users/users.controller.ts","statementMap":{"0":{"start":{"line":1,"column":0},"end":{"line":1,"column":91}},"1":{"start":{"line":2,"column":0},"end":{"line":2,"column":62}},"2":{"start":{"line":3,"column":0},"end":{"line":3,"column":51}},"3":{"start":{"line":4,"column":0},"end":{"line":4,"column":44}},"4":{"start":{"line":7,"column":7},"end":{"line":30,"column":null}},"5":{"start":{"line":8,"column":31},"end":{"line":8,"column":45}},"6":{"start":{"line":12,"column":4},"end":{"line":12,"column":54}},"7":{"start":{"line":17,"column":19},"end":{"line":17,"column":30}},"8":{"start":{"line":18,"column":4},"end":{"line":18,"column":62}},"9":{"start":{"line":28,"column":4},"end":{"line":28,"column":59}},"10":{"start":{"line":7,"column":13},"end":{"line":7,"column":28}},"11":{"start":{"line":11,"column":8},"end":{"line":13,"column":null}},"12":{"start":{"line":16,"column":8},"end":{"line":19,"column":null}},"13":{"start":{"line":24,"column":8},"end":{"line":29,"column":null}},"14":{"start":{"line":7,"column":13},"end":{"line":30,"column":null}}},"fnMap":{"0":{"name":"(anonymous_4)","decl":{"start":{"line":8,"column":2},"end":{"line":8,"column":31}},"loc":{"start":{"line":8,"column":57},"end":{"line":8,"column":61}}},"1":{"name":"(anonymous_5)","decl":{"start":{"line":11,"column":2},"end":{"line":11,"column":7}},"loc":{"start":{"line":11,"column":59},"end":{"line":13,"column":3}}},"2":{"name":"(anonymous_6)","decl":{"start":{"line":16,"column":2},"end":{"line":16,"column":7}},"loc":{"start":{"line":16,"column":64},"end":{"line":19,"column":3}}},"3":{"name":"(anonymous_7)","decl":{"start":{"line":24,"column":2},"end":{"line":24,"column":7}},"loc":{"start":{"line":26,"column":39},"end":{"line":29,"column":3}}}},"branchMap":{},"s":{"0":0,"1":0,"2":0,"3":0,"4":0,"5":0,"6":0,"7":0,"8":0,"9":0,"10":0,"11":0,"12":0,"13":0,"14":0},"f":{"0":0,"1":0,"2":0,"3":0},"b":{}}
,"/home/gaetan/Documents/GitHub/send-moi/backend/src/modules/users/users.module.ts": {"path":"/home/gaetan/Documents/GitHub/send-moi/backend/src/modules/users/users.module.ts","statementMap":{"0":{"start":{"line":1,"column":0},"end":{"line":1,"column":40}},"1":{"start":{"line":2,"column":0},"end":{"line":2,"column":47}},"2":{"start":{"line":3,"column":0},"end":{"line":3,"column":53}},"3":{"start":{"line":10,"column":7},"end":{"line":10,"column":null}},"4":{"start":{"line":10,"column":13},"end":{"line":10,"column":24}},"5":{"start":{"line":10,"column":13},"end":{"line":10,"column":null}}},"fnMap":{},"branchMap":{},"s":{"0":0,"1":0,"2":0,"3":0,"4":0,"5":0},"f":{},"b":{}}
,"/home/gaetan/Documents/GitHub/send-moi/backend/src/modules/users/users.service.ts": {"path":"/home/gaetan/Documents/GitHub/send-moi/backend/src/modules/users/users.service.ts","statementMap":{"0":{"start":{"line":1,"column":0},"end":{"line":1,"column":84}},"1":{"start":{"line":2,"column":0},"end":{"line":2,"column":60}},"2":{"start":{"line":3,"column":0},"end":{"line":3,"column":74}},"3":{"start":{"line":15,"column":7},"end":{"line":130,"column":null}},"4":{"start":{"line":16,"column":31},"end":{"line":16,"column":39}},"5":{"start":{"line":22,"column":17},"end":{"line":22,"column":81}},"6":{"start":{"line":23,"column":4},"end":{"line":23,"column":71}},"7":{"start":{"line":23,"column":15},"end":{"line":23,"column":71}},"8":{"start":{"line":26,"column":25},"end":{"line":45,"column":6}},"9":{"start":{"line":48,"column":4},"end":{"line":51,"column":7}},"10":{"start":{"line":53,"column":4},"end":{"line":53,"column":24}},"11":{"start":{"line":60,"column":20},"end":{"line":60,"column":96}},"12":{"start":{"line":61,"column":4},"end":{"line":61,"column":75}},"13":{"start":{"line":61,"column":18},"end":{"line":61,"column":75}},"14":{"start":{"line":63,"column":4},"end":{"line":67,"column":7}},"15":{"start":{"line":74,"column":17},"end":{"line":77,"column":6}},"16":{"start":{"line":78,"column":4},"end":{"line":78,"column":71}},"17":{"start":{"line":78,"column":15},"end":{"line":78,"column":71}},"18":{"start":{"line":80,"column":20},"end":{"line":80,"column":72}},"19":{"start":{"line":81,"column":20},"end":{"line":81,"column":72}},"20":{"start":{"line":83,"column":4},"end":{"line":100,"column":5}},"21":{"start":{"line":84,"column":25},"end":{"line":84,"column":86}},"22":{"start":{"line":86,"column":6},"end":{"line":99,"column":8}},"23":{"start":{"line":102,"column":4},"end":{"line":102,"column":16}},"24":{"start":{"line":109,"column":20},"end":{"line":109,"column":97}},"25":{"start":{"line":110,"column":4},"end":{"line":110,"column":30}},"26":{"start":{"line":110,"column":18},"end":{"line":110,"column":30}},"27":{"start":{"line":112,"column":26},"end":{"line":112,"column":94}},"28":{"start":{"line":113,"column":4},"end":{"line":113,"column":41}},"29":{"start":{"line":113,"column":29},"end":{"line":113,"column":41}},"30":{"start":{"line":115,"column":28},"end":{"line":117,"column":6}},"31":{"start":{"line":119,"column":31},"end":{"line":121,"column":6}},"32":{"start":{"line":123,"column":28},"end":{"line":123,"column":85}},"33":{"start":{"line":124,"column":24},"end":{"line":124,"column":52}},"34":{"start":{"line":127,"column":23},"end":{"line":127,"column":88}},"35":{"start":{"line":128,"column":4},"end":{"line":128,"column":22}},"36":{"start":{"line":15,"column":13},"end":{"line":15,"column":25}},"37":{"start":{"line":15,"column":13},"end":{"line":130,"column":null}}},"fnMap":{"0":{"name":"(anonymous_2)","decl":{"start":{"line":16,"column":2},"end":{"line":16,"column":31}},"loc":{"start":{"line":16,"column":52},"end":{"line":16,"column":56}}},"1":{"name":"(anonymous_3)","decl":{"start":{"line":21,"column":2},"end":{"line":21,"column":7}},"loc":{"start":{"line":21,"column":39},"end":{"line":54,"column":3}}},"2":{"name":"(anonymous_4)","decl":{"start":{"line":59,"column":2},"end":{"line":59,"column":7}},"loc":{"start":{"line":59,"column":69},"end":{"line":68,"column":3}}},"3":{"name":"(anonymous_5)","decl":{"start":{"line":73,"column":2},"end":{"line":73,"column":7}},"loc":{"start":{"line":73,"column":61},"end":{"line":103,"column":3}}},"4":{"name":"(anonymous_6)","decl":{"start":{"line":108,"column":2},"end":{"line":108,"column":7}},"loc":{"start":{"line":108,"column":52},"end":{"line":129,"column":3}}}},"branchMap":{"0":{"loc":{"start":{"line":23,"column":4},"end":{"line":23,"column":71}},"type":"if","locations":[{"start":{"line":23,"column":4},"end":{"line":23,"column":71}}]},"1":{"loc":{"start":{"line":61,"column":4},"end":{"line":61,"column":75}},"type":"if","locations":[{"start":{"line":61,"column":4},"end":{"line":61,"column":75}}]},"2":{"loc":{"start":{"line":78,"column":4},"end":{"line":78,"column":71}},"type":"if","locations":[{"start":{"line":78,"column":4},"end":{"line":78,"column":71}}]},"3":{"loc":{"start":{"line":80,"column":20},"end":{"line":80,"column":72}},"type":"binary-expr","locations":[{"start":{"line":80,"column":20},"end":{"line":80,"column":34}},{"start":{"line":80,"column":38},"end":{"line":80,"column":72}}]},"4":{"loc":{"start":{"line":81,"column":20},"end":{"line":81,"column":72}},"type":"binary-expr","locations":[{"start":{"line":81,"column":20},"end":{"line":81,"column":34}},{"start":{"line":81,"column":38},"end":{"line":81,"column":72}}]},"5":{"loc":{"start":{"line":83,"column":4},"end":{"line":100,"column":5}},"type":"if","locations":[{"start":{"line":83,"column":4},"end":{"line":100,"column":5}}]},"6":{"loc":{"start":{"line":83,"column":8},"end":{"line":83,"column":49}},"type":"binary-expr","locations":[{"start":{"line":83,"column":8},"end":{"line":83,"column":16}},{"start":{"line":83,"column":20},"end":{"line":83,"column":28}},{"start":{"line":83,"column":32},"end":{"line":83,"column":49}}]},"7":{"loc":{"start":{"line":110,"column":4},"end":{"line":110,"column":30}},"type":"if","locations":[{"start":{"line":110,"column":4},"end":{"line":110,"column":30}}]},"8":{"loc":{"start":{"line":113,"column":4},"end":{"line":113,"column":41}},"type":"if","locations":[{"start":{"line":113,"column":4},"end":{"line":113,"column":41}}]}},"s":{"0":1,"1":1,"2":1,"3":1,"4":3,"5":0,"6":0,"7":0,"8":0,"9":0,"10":0,"11":0,"12":0,"13":0,"14":0,"15":2,"16":2,"17":1,"18":1,"19":1,"20":1,"21":1,"22":1,"23":0,"24":1,"25":1,"26":1,"27":0,"28":0,"29":0,"30":0,"31":0,"32":0,"33":0,"34":0,"35":0,"36":1,"37":1},"f":{"0":3,"1":0,"2":0,"3":2,"4":1},"b":{"0":[0],"1":[0],"2":[1],"3":[1,1],"4":[1,1],"5":[1],"6":[1,1,1],"7":[1],"8":[0]}}
,"/home/gaetan/Documents/GitHub/send-moi/backend/src/prisma/prisma.module.ts": {"path":"/home/gaetan/Documents/GitHub/send-moi/backend/src/prisma/prisma.module.ts","statementMap":{"0":{"start":{"line":1,"column":0},"end":{"line":1,"column":48}},"1":{"start":{"line":2,"column":0},"end":{"line":2,"column":49}},"2":{"start":{"line":9,"column":7},"end":{"line":9,"column":null}},"3":{"start":{"line":9,"column":13},"end":{"line":9,"column":25}},"4":{"start":{"line":9,"column":13},"end":{"line":9,"column":null}}},"fnMap":{},"branchMap":{},"s":{"0":0,"1":0,"2":0,"3":0,"4":0},"f":{},"b":{}}
,"/home/gaetan/Documents/GitHub/send-moi/backend/src/prisma/prisma.service.ts": {"path":"/home/gaetan/Documents/GitHub/send-moi/backend/src/prisma/prisma.service.ts","statementMap":{"0":{"start":{"line":1,"column":0},"end":{"line":1,"column":75}},"1":{"start":{"line":2,"column":0},"end":{"line":2,"column":46}},"2":{"start":{"line":5,"column":7},"end":{"line":13,"column":null}},"3":{"start":{"line":7,"column":4},"end":{"line":7,"column":26}},"4":{"start":{"line":11,"column":4},"end":{"line":11,"column":29}},"5":{"start":{"line":5,"column":13},"end":{"line":5,"column":26}},"6":{"start":{"line":5,"column":13},"end":{"line":13,"column":null}}},"fnMap":{"0":{"name":"(anonymous_1)","decl":{"start":{"line":6,"column":2},"end":{"line":6,"column":7}},"loc":{"start":{"line":6,"column":20},"end":{"line":8,"column":3}}},"1":{"name":"(anonymous_2)","decl":{"start":{"line":10,"column":2},"end":{"line":10,"column":7}},"loc":{"start":{"line":10,"column":23},"end":{"line":12,"column":3}}}},"branchMap":{},"s":{"0":4,"1":4,"2":4,"3":0,"4":0,"5":4,"6":4},"f":{"0":0,"1":0},"b":{}}
}
